#-----------------------------------------------------------
# Vivado v2020.2 (64-bit)
# SW Build 3064766 on Wed Nov 18 09:12:47 MST 2020
# IP Build 3064653 on Wed Nov 18 14:17:31 MST 2020
# Start of session at: Mon Apr 19 15:35:56 2021
# Process ID: 18267
# Current directory: /home/kam/dev/school/computer_architecture_645/fpga/HW09_MIPS_CU_Bielawski
# Command line: vivado
# Log file: /home/kam/dev/school/computer_architecture_645/fpga/HW09_MIPS_CU_Bielawski/vivado.log
# Journal file: /home/kam/dev/school/computer_architecture_645/fpga/HW09_MIPS_CU_Bielawski/vivado.jou
#-----------------------------------------------------------
start_gui
open_project /home/kam/dev/school/computer_architecture_645/fpga/HW09_MIPS_CU_Bielawski/MIPS_CU/MIPS_CU.xpr
WARNING: [filemgmt 56-3] Default IP Output Path : Could not find the directory '/home/kam/dev/school/computer_architecture_645/fpga/HW09_MIPS_CU_Bielawski/MIPS_CU/MIPS_CU.gen/sources_1'.
Scanning sources...
Finished scanning sources
INFO: [IP_Flow 19-234] Refreshing IP repositories
INFO: [IP_Flow 19-1704] No user IP repositories specified
INFO: [IP_Flow 19-2313] Loaded Vivado IP repository '/tools/Xilinx/Vivado/2020.2/data/ip'.
INFO: [IP_Flow 19-3899] Cannot get the environment domain name variable for the component vendor name. Setting the vendor name to 'user.org'.
update_compile_order -fileset sources_1
INFO: [IP_Flow 19-3899] Cannot get the environment domain name variable for the component vendor name. Setting the vendor name to 'user.org'.
launch_simulation
Command: launch_simulation 
INFO: [Vivado 12-5682] Launching behavioral simulation in '/home/kam/dev/school/computer_architecture_645/fpga/HW09_MIPS_CU_Bielawski/MIPS_CU/MIPS_CU.sim/sim_1/behav/xsim'
INFO: [SIM-utils-51] Simulation object is 'sim_1'
INFO: [SIM-utils-54] Inspecting design source files for 'cu_tb' in fileset 'sim_1'...
INFO: [USF-XSim-97] Finding global include files...
INFO: [USF-XSim-98] Fetching design files from 'sim_1'...
INFO: [USF-XSim-2] XSim::Compile design
INFO: [USF-XSim-61] Executing 'COMPILE and ANALYZE' step in '/home/kam/dev/school/computer_architecture_645/fpga/HW09_MIPS_CU_Bielawski/MIPS_CU/MIPS_CU.sim/sim_1/behav/xsim'
xvhdl --incr --relax -prj cu_tb_vhdl.prj
INFO: [VRFC 10-163] Analyzing VHDL file "/home/kam/dev/school/computer_architecture_645/fpga/HW09_MIPS_CU_Bielawski/design_sources/cu.vhd" into library xil_defaultlib
INFO: [VRFC 10-3107] analyzing entity 'CU'
Waiting for jobs to finish...
No pending jobs, compilation finished.
INFO: [USF-XSim-69] 'compile' step finished in '2' seconds
INFO: [USF-XSim-3] XSim::Elaborate design
INFO: [USF-XSim-61] Executing 'ELABORATE' step in '/home/kam/dev/school/computer_architecture_645/fpga/HW09_MIPS_CU_Bielawski/MIPS_CU/MIPS_CU.sim/sim_1/behav/xsim'
xelab -wto 555e0205de2e4f348bbd50bbf0992f75 --incr --debug typical --relax --mt 8 -L xil_defaultlib -L secureip --snapshot cu_tb_behav xil_defaultlib.cu_tb -log elaborate.log
Vivado Simulator 2020.2
Copyright 1986-1999, 2001-2020 Xilinx, Inc. All Rights Reserved.
Running: /tools/Xilinx/Vivado/2020.2/bin/unwrapped/lnx64.o/xelab -wto 555e0205de2e4f348bbd50bbf0992f75 --incr --debug typical --relax --mt 8 -L xil_defaultlib -L secureip --snapshot cu_tb_behav xil_defaultlib.cu_tb -log elaborate.log 
Using 8 slave threads.
Starting static elaboration
Completed static elaboration
Starting simulation data flow analysis
Completed simulation data flow analysis
Time Resolution for simulation is 1ps
Compiling package std.standard
Compiling package std.textio
Compiling package ieee.std_logic_1164
Compiling package xil_defaultlib.my_package
Compiling package xil_defaultlib.math_real
Compiling package ieee.numeric_std
Compiling architecture behav of entity xil_defaultlib.CU [cu_default]
Compiling architecture behavior of entity xil_defaultlib.cu_tb
Built simulation snapshot cu_tb_behav
INFO: [USF-XSim-69] 'elaborate' step finished in '1' seconds
INFO: [USF-XSim-4] XSim::Simulate design
INFO: [USF-XSim-61] Executing 'SIMULATE' step in '/home/kam/dev/school/computer_architecture_645/fpga/HW09_MIPS_CU_Bielawski/MIPS_CU/MIPS_CU.sim/sim_1/behav/xsim'
INFO: [USF-XSim-98] *** Running xsim
   with args "cu_tb_behav -key {Behavioral:sim_1:Functional:cu_tb} -tclbatch {cu_tb.tcl} -view {/home/kam/dev/school/computer_architecture_645/fpga/HW09_MIPS_CU_Bielawski/simulation_sources/cu_wave.wcfg} -log {simulate.log}"
INFO: [USF-XSim-8] Loading simulator feature
Vivado Simulator 2020.2
Time resolution is 1 ps
open_wave_config /home/kam/dev/school/computer_architecture_645/fpga/HW09_MIPS_CU_Bielawski/simulation_sources/cu_wave.wcfg
source cu_tb.tcl
# set curr_wave [current_wave_config]
# if { [string length $curr_wave] == 0 } {
#   if { [llength [get_objects]] > 0} {
#     add_wave /
#     set_property needs_save false [current_wave_config]
#   } else {
#      send_msg_id Add_Wave-1 WARNING "No top level signals found. Simulator will start without a wave window. If you want to open a wave window go to 'File->New Waveform Configuration' or type 'create_wave_config' in the TCL console."
#   }
# }
# run 400ns
INFO: [USF-XSim-96] XSim completed. Design snapshot 'cu_tb_behav' loaded.
INFO: [USF-XSim-97] XSim simulation ran for 400ns
launch_simulation: Time (s): cpu = 00:00:09 ; elapsed = 00:00:05 . Memory (MB): peak = 7503.812 ; gain = 148.961 ; free physical = 8924 ; free virtual = 14618
close_sim
INFO: [Simtcl 6-16] Simulation closed
launch_simulation
Command: launch_simulation 
INFO: [Vivado 12-5682] Launching behavioral simulation in '/home/kam/dev/school/computer_architecture_645/fpga/HW09_MIPS_CU_Bielawski/MIPS_CU/MIPS_CU.sim/sim_1/behav/xsim'
INFO: [SIM-utils-51] Simulation object is 'sim_1'
INFO: [SIM-utils-54] Inspecting design source files for 'cu_tb' in fileset 'sim_1'...
INFO: [USF-XSim-97] Finding global include files...
INFO: [USF-XSim-98] Fetching design files from 'sim_1'...
INFO: [USF-XSim-2] XSim::Compile design
INFO: [USF-XSim-61] Executing 'COMPILE and ANALYZE' step in '/home/kam/dev/school/computer_architecture_645/fpga/HW09_MIPS_CU_Bielawski/MIPS_CU/MIPS_CU.sim/sim_1/behav/xsim'
xvhdl --incr --relax -prj cu_tb_vhdl.prj
INFO: [VRFC 10-163] Analyzing VHDL file "/home/kam/dev/school/computer_architecture_645/fpga/HW09_MIPS_CU_Bielawski/design_sources/cu.vhd" into library xil_defaultlib
INFO: [VRFC 10-3107] analyzing entity 'CU'
Waiting for jobs to finish...
No pending jobs, compilation finished.
INFO: [USF-XSim-69] 'compile' step finished in '1' seconds
INFO: [USF-XSim-3] XSim::Elaborate design
INFO: [USF-XSim-61] Executing 'ELABORATE' step in '/home/kam/dev/school/computer_architecture_645/fpga/HW09_MIPS_CU_Bielawski/MIPS_CU/MIPS_CU.sim/sim_1/behav/xsim'
xelab -wto 555e0205de2e4f348bbd50bbf0992f75 --incr --debug typical --relax --mt 8 -L xil_defaultlib -L secureip --snapshot cu_tb_behav xil_defaultlib.cu_tb -log elaborate.log
Vivado Simulator 2020.2
Copyright 1986-1999, 2001-2020 Xilinx, Inc. All Rights Reserved.
Running: /tools/Xilinx/Vivado/2020.2/bin/unwrapped/lnx64.o/xelab -wto 555e0205de2e4f348bbd50bbf0992f75 --incr --debug typical --relax --mt 8 -L xil_defaultlib -L secureip --snapshot cu_tb_behav xil_defaultlib.cu_tb -log elaborate.log 
Using 8 slave threads.
Starting static elaboration
Completed static elaboration
Starting simulation data flow analysis
Completed simulation data flow analysis
Time Resolution for simulation is 1ps
Compiling package std.standard
Compiling package std.textio
Compiling package ieee.std_logic_1164
Compiling package xil_defaultlib.my_package
Compiling package xil_defaultlib.math_real
Compiling package ieee.numeric_std
Compiling architecture behav of entity xil_defaultlib.CU [cu_default]
Compiling architecture behavior of entity xil_defaultlib.cu_tb
Built simulation snapshot cu_tb_behav
INFO: [USF-XSim-69] 'elaborate' step finished in '2' seconds
INFO: [USF-XSim-4] XSim::Simulate design
INFO: [USF-XSim-61] Executing 'SIMULATE' step in '/home/kam/dev/school/computer_architecture_645/fpga/HW09_MIPS_CU_Bielawski/MIPS_CU/MIPS_CU.sim/sim_1/behav/xsim'
INFO: [USF-XSim-98] *** Running xsim
   with args "cu_tb_behav -key {Behavioral:sim_1:Functional:cu_tb} -tclbatch {cu_tb.tcl} -view {/home/kam/dev/school/computer_architecture_645/fpga/HW09_MIPS_CU_Bielawski/simulation_sources/cu_wave.wcfg} -log {simulate.log}"
INFO: [USF-XSim-8] Loading simulator feature
Vivado Simulator 2020.2
Time resolution is 1 ps
open_wave_config /home/kam/dev/school/computer_architecture_645/fpga/HW09_MIPS_CU_Bielawski/simulation_sources/cu_wave.wcfg
source cu_tb.tcl
# set curr_wave [current_wave_config]
# if { [string length $curr_wave] == 0 } {
#   if { [llength [get_objects]] > 0} {
#     add_wave /
#     set_property needs_save false [current_wave_config]
#   } else {
#      send_msg_id Add_Wave-1 WARNING "No top level signals found. Simulator will start without a wave window. If you want to open a wave window go to 'File->New Waveform Configuration' or type 'create_wave_config' in the TCL console."
#   }
# }
# run 400ns
INFO: [USF-XSim-96] XSim completed. Design snapshot 'cu_tb_behav' loaded.
INFO: [USF-XSim-97] XSim simulation ran for 400ns
close_sim
INFO: [Simtcl 6-16] Simulation closed
launch_simulation
Command: launch_simulation 
INFO: [Vivado 12-5682] Launching behavioral simulation in '/home/kam/dev/school/computer_architecture_645/fpga/HW09_MIPS_CU_Bielawski/MIPS_CU/MIPS_CU.sim/sim_1/behav/xsim'
INFO: [SIM-utils-51] Simulation object is 'sim_1'
INFO: [SIM-utils-54] Inspecting design source files for 'cu_tb' in fileset 'sim_1'...
INFO: [USF-XSim-97] Finding global include files...
INFO: [USF-XSim-98] Fetching design files from 'sim_1'...
INFO: [USF-XSim-2] XSim::Compile design
INFO: [USF-XSim-61] Executing 'COMPILE and ANALYZE' step in '/home/kam/dev/school/computer_architecture_645/fpga/HW09_MIPS_CU_Bielawski/MIPS_CU/MIPS_CU.sim/sim_1/behav/xsim'
xvhdl --incr --relax -prj cu_tb_vhdl.prj
INFO: [VRFC 10-163] Analyzing VHDL file "/home/kam/dev/school/computer_architecture_645/fpga/HW09_MIPS_CU_Bielawski/design_sources/cu.vhd" into library xil_defaultlib
INFO: [VRFC 10-3107] analyzing entity 'CU'
Waiting for jobs to finish...
No pending jobs, compilation finished.
INFO: [USF-XSim-69] 'compile' step finished in '1' seconds
INFO: [USF-XSim-3] XSim::Elaborate design
INFO: [USF-XSim-61] Executing 'ELABORATE' step in '/home/kam/dev/school/computer_architecture_645/fpga/HW09_MIPS_CU_Bielawski/MIPS_CU/MIPS_CU.sim/sim_1/behav/xsim'
xelab -wto 555e0205de2e4f348bbd50bbf0992f75 --incr --debug typical --relax --mt 8 -L xil_defaultlib -L secureip --snapshot cu_tb_behav xil_defaultlib.cu_tb -log elaborate.log
Vivado Simulator 2020.2
Copyright 1986-1999, 2001-2020 Xilinx, Inc. All Rights Reserved.
Running: /tools/Xilinx/Vivado/2020.2/bin/unwrapped/lnx64.o/xelab -wto 555e0205de2e4f348bbd50bbf0992f75 --incr --debug typical --relax --mt 8 -L xil_defaultlib -L secureip --snapshot cu_tb_behav xil_defaultlib.cu_tb -log elaborate.log 
Using 8 slave threads.
Starting static elaboration
Completed static elaboration
Starting simulation data flow analysis
Completed simulation data flow analysis
Time Resolution for simulation is 1ps
Compiling package std.standard
Compiling package std.textio
Compiling package ieee.std_logic_1164
Compiling package xil_defaultlib.my_package
Compiling package xil_defaultlib.math_real
Compiling package ieee.numeric_std
Compiling architecture behav of entity xil_defaultlib.CU [cu_default]
Compiling architecture behavior of entity xil_defaultlib.cu_tb
Built simulation snapshot cu_tb_behav
INFO: [USF-XSim-69] 'elaborate' step finished in '1' seconds
INFO: [USF-XSim-4] XSim::Simulate design
INFO: [USF-XSim-61] Executing 'SIMULATE' step in '/home/kam/dev/school/computer_architecture_645/fpga/HW09_MIPS_CU_Bielawski/MIPS_CU/MIPS_CU.sim/sim_1/behav/xsim'
INFO: [USF-XSim-98] *** Running xsim
   with args "cu_tb_behav -key {Behavioral:sim_1:Functional:cu_tb} -tclbatch {cu_tb.tcl} -view {/home/kam/dev/school/computer_architecture_645/fpga/HW09_MIPS_CU_Bielawski/simulation_sources/cu_wave.wcfg} -log {simulate.log}"
INFO: [USF-XSim-8] Loading simulator feature
Vivado Simulator 2020.2
Time resolution is 1 ps
open_wave_config /home/kam/dev/school/computer_architecture_645/fpga/HW09_MIPS_CU_Bielawski/simulation_sources/cu_wave.wcfg
source cu_tb.tcl
# set curr_wave [current_wave_config]
# if { [string length $curr_wave] == 0 } {
#   if { [llength [get_objects]] > 0} {
#     add_wave /
#     set_property needs_save false [current_wave_config]
#   } else {
#      send_msg_id Add_Wave-1 WARNING "No top level signals found. Simulator will start without a wave window. If you want to open a wave window go to 'File->New Waveform Configuration' or type 'create_wave_config' in the TCL console."
#   }
# }
# run 400ns
INFO: [USF-XSim-96] XSim completed. Design snapshot 'cu_tb_behav' loaded.
INFO: [USF-XSim-97] XSim simulation ran for 400ns
close_sim
INFO: [Simtcl 6-16] Simulation closed
launch_simulation
Command: launch_simulation 
INFO: [Vivado 12-5682] Launching behavioral simulation in '/home/kam/dev/school/computer_architecture_645/fpga/HW09_MIPS_CU_Bielawski/MIPS_CU/MIPS_CU.sim/sim_1/behav/xsim'
INFO: [SIM-utils-51] Simulation object is 'sim_1'
INFO: [SIM-utils-54] Inspecting design source files for 'cu_tb' in fileset 'sim_1'...
INFO: [USF-XSim-97] Finding global include files...
INFO: [USF-XSim-98] Fetching design files from 'sim_1'...
INFO: [USF-XSim-2] XSim::Compile design
INFO: [USF-XSim-61] Executing 'COMPILE and ANALYZE' step in '/home/kam/dev/school/computer_architecture_645/fpga/HW09_MIPS_CU_Bielawski/MIPS_CU/MIPS_CU.sim/sim_1/behav/xsim'
xvhdl --incr --relax -prj cu_tb_vhdl.prj
INFO: [VRFC 10-163] Analyzing VHDL file "/home/kam/dev/school/computer_architecture_645/fpga/HW09_MIPS_CU_Bielawski/design_sources/cu.vhd" into library xil_defaultlib
INFO: [VRFC 10-3107] analyzing entity 'CU'
Waiting for jobs to finish...
No pending jobs, compilation finished.
INFO: [USF-XSim-69] 'compile' step finished in '1' seconds
INFO: [USF-XSim-3] XSim::Elaborate design
INFO: [USF-XSim-61] Executing 'ELABORATE' step in '/home/kam/dev/school/computer_architecture_645/fpga/HW09_MIPS_CU_Bielawski/MIPS_CU/MIPS_CU.sim/sim_1/behav/xsim'
xelab -wto 555e0205de2e4f348bbd50bbf0992f75 --incr --debug typical --relax --mt 8 -L xil_defaultlib -L secureip --snapshot cu_tb_behav xil_defaultlib.cu_tb -log elaborate.log
Vivado Simulator 2020.2
Copyright 1986-1999, 2001-2020 Xilinx, Inc. All Rights Reserved.
Running: /tools/Xilinx/Vivado/2020.2/bin/unwrapped/lnx64.o/xelab -wto 555e0205de2e4f348bbd50bbf0992f75 --incr --debug typical --relax --mt 8 -L xil_defaultlib -L secureip --snapshot cu_tb_behav xil_defaultlib.cu_tb -log elaborate.log 
Using 8 slave threads.
Starting static elaboration
Completed static elaboration
Starting simulation data flow analysis
Completed simulation data flow analysis
Time Resolution for simulation is 1ps
Compiling package std.standard
Compiling package std.textio
Compiling package ieee.std_logic_1164
Compiling package xil_defaultlib.my_package
Compiling package xil_defaultlib.math_real
Compiling package ieee.numeric_std
Compiling architecture behav of entity xil_defaultlib.CU [cu_default]
Compiling architecture behavior of entity xil_defaultlib.cu_tb
Built simulation snapshot cu_tb_behav
INFO: [USF-XSim-69] 'elaborate' step finished in '1' seconds
INFO: [USF-XSim-4] XSim::Simulate design
INFO: [USF-XSim-61] Executing 'SIMULATE' step in '/home/kam/dev/school/computer_architecture_645/fpga/HW09_MIPS_CU_Bielawski/MIPS_CU/MIPS_CU.sim/sim_1/behav/xsim'
INFO: [USF-XSim-98] *** Running xsim
   with args "cu_tb_behav -key {Behavioral:sim_1:Functional:cu_tb} -tclbatch {cu_tb.tcl} -view {/home/kam/dev/school/computer_architecture_645/fpga/HW09_MIPS_CU_Bielawski/simulation_sources/cu_wave.wcfg} -log {simulate.log}"
INFO: [USF-XSim-8] Loading simulator feature
Vivado Simulator 2020.2
Time resolution is 1 ps
open_wave_config /home/kam/dev/school/computer_architecture_645/fpga/HW09_MIPS_CU_Bielawski/simulation_sources/cu_wave.wcfg
source cu_tb.tcl
# set curr_wave [current_wave_config]
# if { [string length $curr_wave] == 0 } {
#   if { [llength [get_objects]] > 0} {
#     add_wave /
#     set_property needs_save false [current_wave_config]
#   } else {
#      send_msg_id Add_Wave-1 WARNING "No top level signals found. Simulator will start without a wave window. If you want to open a wave window go to 'File->New Waveform Configuration' or type 'create_wave_config' in the TCL console."
#   }
# }
# run 400ns
INFO: [USF-XSim-96] XSim completed. Design snapshot 'cu_tb_behav' loaded.
INFO: [USF-XSim-97] XSim simulation ran for 400ns
close_sim
INFO: [Simtcl 6-16] Simulation closed
exit
INFO: [Common 17-206] Exiting Vivado at Mon Apr 19 15:54:36 2021...
