#-----------------------------------------------------------
# Vivado v2020.2 (64-bit)
# SW Build 3064766 on Wed Nov 18 09:12:47 MST 2020
# IP Build 3064653 on Wed Nov 18 14:17:31 MST 2020
# Start of session at: Mon Mar 15 08:43:38 2021
# Process ID: 83954
# Current directory: /home/kam/dev/school/computer_architecture_645/fpga/HW06_MIPS_ALU_Bielawski
# Command line: vivado
# Log file: /home/kam/dev/school/computer_architecture_645/fpga/HW06_MIPS_ALU_Bielawski/vivado.log
# Journal file: /home/kam/dev/school/computer_architecture_645/fpga/HW06_MIPS_ALU_Bielawski/vivado.jou
#-----------------------------------------------------------
start_gui
create_project alu_file /home/kam/dev/school/computer_architecture_645/fpga/HW06_MIPS_ALU_Bielawski/alu_file -part xc7a100tcsg324-1
INFO: [IP_Flow 19-234] Refreshing IP repositories
INFO: [IP_Flow 19-1704] No user IP repositories specified
INFO: [IP_Flow 19-2313] Loaded Vivado IP repository '/tools/Xilinx/Vivado/2020.2/data/ip'.
INFO: [IP_Flow 19-3899] Cannot get the environment domain name variable for the component vendor name. Setting the vendor name to 'user.org'.
create_project: Time (s): cpu = 00:00:30 ; elapsed = 00:00:08 . Memory (MB): peak = 7314.484 ; gain = 53.035 ; free physical = 7770 ; free virtual = 14218
set_property target_language VHDL [current_project]
add_files {/home/kam/dev/school/computer_architecture_645/fpga/HW06_MIPS_ALU_Bielawski/design_sources/my_packages/ieee_2008/math_real-body.vhdl /home/kam/dev/school/computer_architecture_645/fpga/HW06_MIPS_ALU_Bielawski/design_sources/alu.vhd /home/kam/dev/school/computer_architecture_645/fpga/HW06_MIPS_ALU_Bielawski/design_sources/my_packages/my_package-body.vhd /home/kam/dev/school/computer_architecture_645/fpga/HW06_MIPS_ALU_Bielawski/design_sources/my_packages/ieee_2008/math_real.vhdl /home/kam/dev/school/computer_architecture_645/fpga/HW06_MIPS_ALU_Bielawski/design_sources/my_packages/my_package.vhd}
update_compile_order -fileset sources_1
update_compile_order -fileset sources_1
set_property SOURCE_SET sources_1 [get_filesets sim_1]
add_files -fileset sim_1 -norecurse /home/kam/dev/school/computer_architecture_645/fpga/HW06_MIPS_ALU_Bielawski/simulation_sources/alu_wave.wcfg
add_files -fileset sim_1 -norecurse /home/kam/dev/school/computer_architecture_645/fpga/HW06_MIPS_ALU_Bielawski/simulation_sources/alu_tb.vhd
update_compile_order -fileset sim_1
update_compile_order -fileset sim_1
INFO: [IP_Flow 19-3899] Cannot get the environment domain name variable for the component vendor name. Setting the vendor name to 'user.org'.
set_property -name {xsim.simulate.runtime} -value {1100ns} -objects [get_filesets sim_1]
INFO: [IP_Flow 19-3899] Cannot get the environment domain name variable for the component vendor name. Setting the vendor name to 'user.org'.
INFO: [IP_Flow 19-3899] Cannot get the environment domain name variable for the component vendor name. Setting the vendor name to 'user.org'.
launch_simulation
Command: launch_simulation 
INFO: [Vivado 12-5682] Launching behavioral simulation in '/home/kam/dev/school/computer_architecture_645/fpga/HW06_MIPS_ALU_Bielawski/alu_file/alu_file.sim/sim_1/behav/xsim'
INFO: [SIM-utils-51] Simulation object is 'sim_1'
INFO: [SIM-utils-54] Inspecting design source files for 'alu_tb' in fileset 'sim_1'...
INFO: [USF-XSim-97] Finding global include files...
INFO: [USF-XSim-98] Fetching design files from 'sim_1'...
INFO: [USF-XSim-2] XSim::Compile design
INFO: [USF-XSim-61] Executing 'COMPILE and ANALYZE' step in '/home/kam/dev/school/computer_architecture_645/fpga/HW06_MIPS_ALU_Bielawski/alu_file/alu_file.sim/sim_1/behav/xsim'
xvhdl --incr --relax -prj alu_tb_vhdl.prj
INFO: [VRFC 10-163] Analyzing VHDL file "/home/kam/dev/school/computer_architecture_645/fpga/HW06_MIPS_ALU_Bielawski/design_sources/my_packages/my_package.vhd" into library xil_defaultlib
INFO: [VRFC 10-163] Analyzing VHDL file "/home/kam/dev/school/computer_architecture_645/fpga/HW06_MIPS_ALU_Bielawski/design_sources/alu.vhd" into library xil_defaultlib
INFO: [VRFC 10-3107] analyzing entity 'ALU'
INFO: [VRFC 10-163] Analyzing VHDL file "/home/kam/dev/school/computer_architecture_645/fpga/HW06_MIPS_ALU_Bielawski/design_sources/my_packages/ieee_2008/math_real.vhdl" into library xil_defaultlib
INFO: [VRFC 10-163] Analyzing VHDL file "/home/kam/dev/school/computer_architecture_645/fpga/HW06_MIPS_ALU_Bielawski/design_sources/my_packages/ieee_2008/math_real-body.vhdl" into library xil_defaultlib
INFO: [VRFC 10-163] Analyzing VHDL file "/home/kam/dev/school/computer_architecture_645/fpga/HW06_MIPS_ALU_Bielawski/design_sources/my_packages/my_package-body.vhd" into library xil_defaultlib
INFO: [VRFC 10-163] Analyzing VHDL file "/home/kam/dev/school/computer_architecture_645/fpga/HW06_MIPS_ALU_Bielawski/simulation_sources/alu_tb.vhd" into library xil_defaultlib
INFO: [VRFC 10-3107] analyzing entity 'alu_tb'
Waiting for jobs to finish...
No pending jobs, compilation finished.
INFO: [USF-XSim-69] 'compile' step finished in '1' seconds
INFO: [USF-XSim-3] XSim::Elaborate design
INFO: [USF-XSim-61] Executing 'ELABORATE' step in '/home/kam/dev/school/computer_architecture_645/fpga/HW06_MIPS_ALU_Bielawski/alu_file/alu_file.sim/sim_1/behav/xsim'
xelab -wto eabc7c38645d4c61ae39ce4504c82e5f --incr --debug typical --relax --mt 8 -L xil_defaultlib -L secureip --snapshot alu_tb_behav xil_defaultlib.alu_tb -log elaborate.log
Vivado Simulator 2020.2
Copyright 1986-1999, 2001-2020 Xilinx, Inc. All Rights Reserved.
Running: /tools/Xilinx/Vivado/2020.2/bin/unwrapped/lnx64.o/xelab -wto eabc7c38645d4c61ae39ce4504c82e5f --incr --debug typical --relax --mt 8 -L xil_defaultlib -L secureip --snapshot alu_tb_behav xil_defaultlib.alu_tb -log elaborate.log 
Using 8 slave threads.
Starting static elaboration
Completed static elaboration
Starting simulation data flow analysis
Completed simulation data flow analysis
Time Resolution for simulation is 1ps
Compiling package std.standard
Compiling package std.textio
Compiling package ieee.std_logic_1164
Compiling package xil_defaultlib.my_package
Compiling package xil_defaultlib.math_real
Compiling package ieee.numeric_std
Compiling architecture behav of entity xil_defaultlib.ALU [alu_default]
Compiling architecture behavior of entity xil_defaultlib.alu_tb
Built simulation snapshot alu_tb_behav

****** Webtalk v2020.2 (64-bit)
  **** SW Build 3064766 on Wed Nov 18 09:12:47 MST 2020
  **** IP Build 3064653 on Wed Nov 18 14:17:31 MST 2020
    ** Copyright 1986-2020 Xilinx, Inc. All Rights Reserved.

source /home/kam/dev/school/computer_architecture_645/fpga/HW06_MIPS_ALU_Bielawski/alu_file/alu_file.sim/sim_1/behav/xsim/xsim.dir/alu_tb_behav/webtalk/xsim_webtalk.tcl -notrace
INFO: [Common 17-186] '/home/kam/dev/school/computer_architecture_645/fpga/HW06_MIPS_ALU_Bielawski/alu_file/alu_file.sim/sim_1/behav/xsim/xsim.dir/alu_tb_behav/webtalk/usage_statistics_ext_xsim.xml' has been successfully sent to Xilinx on Mon Mar 15 09:55:26 2021. For additional details about this file, please refer to the WebTalk help file at /tools/Xilinx/Vivado/2020.2/doc/webtalk_introduction.html.
INFO: [Common 17-206] Exiting Webtalk at Mon Mar 15 09:55:26 2021...
INFO: [USF-XSim-69] 'elaborate' step finished in '4' seconds
INFO: [USF-XSim-4] XSim::Simulate design
INFO: [USF-XSim-61] Executing 'SIMULATE' step in '/home/kam/dev/school/computer_architecture_645/fpga/HW06_MIPS_ALU_Bielawski/alu_file/alu_file.sim/sim_1/behav/xsim'
INFO: [USF-XSim-98] *** Running xsim
   with args "alu_tb_behav -key {Behavioral:sim_1:Functional:alu_tb} -tclbatch {alu_tb.tcl} -view {/home/kam/dev/school/computer_architecture_645/fpga/HW06_MIPS_ALU_Bielawski/simulation_sources/alu_wave.wcfg} -log {simulate.log}"
INFO: [USF-XSim-8] Loading simulator feature
Vivado Simulator 2020.2
Time resolution is 1 ps
open_wave_config /home/kam/dev/school/computer_architecture_645/fpga/HW06_MIPS_ALU_Bielawski/simulation_sources/alu_wave.wcfg
source alu_tb.tcl
# set curr_wave [current_wave_config]
# if { [string length $curr_wave] == 0 } {
#   if { [llength [get_objects]] > 0} {
#     add_wave /
#     set_property needs_save false [current_wave_config]
#   } else {
#      send_msg_id Add_Wave-1 WARNING "No top level signals found. Simulator will start without a wave window. If you want to open a wave window go to 'File->New Waveform Configuration' or type 'create_wave_config' in the TCL console."
#   }
# }
# run 1100ns
INFO: [USF-XSim-96] XSim completed. Design snapshot 'alu_tb_behav' loaded.
INFO: [USF-XSim-97] XSim simulation ran for 1100ns
launch_simulation: Time (s): cpu = 00:00:10 ; elapsed = 00:00:08 . Memory (MB): peak = 7599.527 ; gain = 145.344 ; free physical = 7413 ; free virtual = 13965
close_sim
INFO: [Simtcl 6-16] Simulation closed
launch_simulation
Command: launch_simulation 
INFO: [Vivado 12-5682] Launching behavioral simulation in '/home/kam/dev/school/computer_architecture_645/fpga/HW06_MIPS_ALU_Bielawski/alu_file/alu_file.sim/sim_1/behav/xsim'
INFO: [SIM-utils-51] Simulation object is 'sim_1'
INFO: [SIM-utils-54] Inspecting design source files for 'alu_tb' in fileset 'sim_1'...
INFO: [USF-XSim-97] Finding global include files...
INFO: [USF-XSim-98] Fetching design files from 'sim_1'...
INFO: [USF-XSim-2] XSim::Compile design
INFO: [USF-XSim-61] Executing 'COMPILE and ANALYZE' step in '/home/kam/dev/school/computer_architecture_645/fpga/HW06_MIPS_ALU_Bielawski/alu_file/alu_file.sim/sim_1/behav/xsim'
xvhdl --incr --relax -prj alu_tb_vhdl.prj
INFO: [VRFC 10-163] Analyzing VHDL file "/home/kam/dev/school/computer_architecture_645/fpga/HW06_MIPS_ALU_Bielawski/design_sources/alu.vhd" into library xil_defaultlib
INFO: [VRFC 10-3107] analyzing entity 'ALU'
Waiting for jobs to finish...
No pending jobs, compilation finished.
INFO: [USF-XSim-69] 'compile' step finished in '1' seconds
INFO: [USF-XSim-3] XSim::Elaborate design
INFO: [USF-XSim-61] Executing 'ELABORATE' step in '/home/kam/dev/school/computer_architecture_645/fpga/HW06_MIPS_ALU_Bielawski/alu_file/alu_file.sim/sim_1/behav/xsim'
xelab -wto eabc7c38645d4c61ae39ce4504c82e5f --incr --debug typical --relax --mt 8 -L xil_defaultlib -L secureip --snapshot alu_tb_behav xil_defaultlib.alu_tb -log elaborate.log
Vivado Simulator 2020.2
Copyright 1986-1999, 2001-2020 Xilinx, Inc. All Rights Reserved.
Running: /tools/Xilinx/Vivado/2020.2/bin/unwrapped/lnx64.o/xelab -wto eabc7c38645d4c61ae39ce4504c82e5f --incr --debug typical --relax --mt 8 -L xil_defaultlib -L secureip --snapshot alu_tb_behav xil_defaultlib.alu_tb -log elaborate.log 
Using 8 slave threads.
Starting static elaboration
Completed static elaboration
Starting simulation data flow analysis
Completed simulation data flow analysis
Time Resolution for simulation is 1ps
Compiling package std.standard
Compiling package std.textio
Compiling package ieee.std_logic_1164
Compiling package xil_defaultlib.my_package
Compiling package xil_defaultlib.math_real
Compiling package ieee.numeric_std
Compiling architecture behav of entity xil_defaultlib.ALU [alu_default]
Compiling architecture behavior of entity xil_defaultlib.alu_tb
Built simulation snapshot alu_tb_behav
INFO: [USF-XSim-69] 'elaborate' step finished in '1' seconds
INFO: [USF-XSim-4] XSim::Simulate design
INFO: [USF-XSim-61] Executing 'SIMULATE' step in '/home/kam/dev/school/computer_architecture_645/fpga/HW06_MIPS_ALU_Bielawski/alu_file/alu_file.sim/sim_1/behav/xsim'
INFO: [USF-XSim-98] *** Running xsim
   with args "alu_tb_behav -key {Behavioral:sim_1:Functional:alu_tb} -tclbatch {alu_tb.tcl} -view {/home/kam/dev/school/computer_architecture_645/fpga/HW06_MIPS_ALU_Bielawski/simulation_sources/alu_wave.wcfg} -log {simulate.log}"
INFO: [USF-XSim-8] Loading simulator feature
Vivado Simulator 2020.2
Time resolution is 1 ps
open_wave_config /home/kam/dev/school/computer_architecture_645/fpga/HW06_MIPS_ALU_Bielawski/simulation_sources/alu_wave.wcfg
source alu_tb.tcl
# set curr_wave [current_wave_config]
# if { [string length $curr_wave] == 0 } {
#   if { [llength [get_objects]] > 0} {
#     add_wave /
#     set_property needs_save false [current_wave_config]
#   } else {
#      send_msg_id Add_Wave-1 WARNING "No top level signals found. Simulator will start without a wave window. If you want to open a wave window go to 'File->New Waveform Configuration' or type 'create_wave_config' in the TCL console."
#   }
# }
# run 1100ns
INFO: [USF-XSim-96] XSim completed. Design snapshot 'alu_tb_behav' loaded.
INFO: [USF-XSim-97] XSim simulation ran for 1100ns
close_sim
INFO: [Simtcl 6-16] Simulation closed
launch_simulation
Command: launch_simulation 
INFO: [Vivado 12-5682] Launching behavioral simulation in '/home/kam/dev/school/computer_architecture_645/fpga/HW06_MIPS_ALU_Bielawski/alu_file/alu_file.sim/sim_1/behav/xsim'
INFO: [SIM-utils-51] Simulation object is 'sim_1'
INFO: [SIM-utils-54] Inspecting design source files for 'alu_tb' in fileset 'sim_1'...
INFO: [USF-XSim-97] Finding global include files...
INFO: [USF-XSim-98] Fetching design files from 'sim_1'...
INFO: [USF-XSim-2] XSim::Compile design
INFO: [USF-XSim-61] Executing 'COMPILE and ANALYZE' step in '/home/kam/dev/school/computer_architecture_645/fpga/HW06_MIPS_ALU_Bielawski/alu_file/alu_file.sim/sim_1/behav/xsim'
xvhdl --incr --relax -prj alu_tb_vhdl.prj
INFO: [VRFC 10-163] Analyzing VHDL file "/home/kam/dev/school/computer_architecture_645/fpga/HW06_MIPS_ALU_Bielawski/design_sources/alu.vhd" into library xil_defaultlib
INFO: [VRFC 10-3107] analyzing entity 'ALU'
Waiting for jobs to finish...
No pending jobs, compilation finished.
INFO: [USF-XSim-69] 'compile' step finished in '1' seconds
INFO: [USF-XSim-3] XSim::Elaborate design
INFO: [USF-XSim-61] Executing 'ELABORATE' step in '/home/kam/dev/school/computer_architecture_645/fpga/HW06_MIPS_ALU_Bielawski/alu_file/alu_file.sim/sim_1/behav/xsim'
xelab -wto eabc7c38645d4c61ae39ce4504c82e5f --incr --debug typical --relax --mt 8 -L xil_defaultlib -L secureip --snapshot alu_tb_behav xil_defaultlib.alu_tb -log elaborate.log
Vivado Simulator 2020.2
Copyright 1986-1999, 2001-2020 Xilinx, Inc. All Rights Reserved.
Running: /tools/Xilinx/Vivado/2020.2/bin/unwrapped/lnx64.o/xelab -wto eabc7c38645d4c61ae39ce4504c82e5f --incr --debug typical --relax --mt 8 -L xil_defaultlib -L secureip --snapshot alu_tb_behav xil_defaultlib.alu_tb -log elaborate.log 
Using 8 slave threads.
Starting static elaboration
Completed static elaboration
Starting simulation data flow analysis
Completed simulation data flow analysis
Time Resolution for simulation is 1ps
Compiling package std.standard
Compiling package std.textio
Compiling package ieee.std_logic_1164
Compiling package xil_defaultlib.my_package
Compiling package xil_defaultlib.math_real
Compiling package ieee.numeric_std
Compiling architecture behav of entity xil_defaultlib.ALU [alu_default]
Compiling architecture behavior of entity xil_defaultlib.alu_tb
Built simulation snapshot alu_tb_behav
INFO: [USF-XSim-69] 'elaborate' step finished in '1' seconds
INFO: [USF-XSim-4] XSim::Simulate design
INFO: [USF-XSim-61] Executing 'SIMULATE' step in '/home/kam/dev/school/computer_architecture_645/fpga/HW06_MIPS_ALU_Bielawski/alu_file/alu_file.sim/sim_1/behav/xsim'
INFO: [USF-XSim-98] *** Running xsim
   with args "alu_tb_behav -key {Behavioral:sim_1:Functional:alu_tb} -tclbatch {alu_tb.tcl} -view {/home/kam/dev/school/computer_architecture_645/fpga/HW06_MIPS_ALU_Bielawski/simulation_sources/alu_wave.wcfg} -log {simulate.log}"
INFO: [USF-XSim-8] Loading simulator feature
Vivado Simulator 2020.2
Time resolution is 1 ps
open_wave_config /home/kam/dev/school/computer_architecture_645/fpga/HW06_MIPS_ALU_Bielawski/simulation_sources/alu_wave.wcfg
source alu_tb.tcl
# set curr_wave [current_wave_config]
# if { [string length $curr_wave] == 0 } {
#   if { [llength [get_objects]] > 0} {
#     add_wave /
#     set_property needs_save false [current_wave_config]
#   } else {
#      send_msg_id Add_Wave-1 WARNING "No top level signals found. Simulator will start without a wave window. If you want to open a wave window go to 'File->New Waveform Configuration' or type 'create_wave_config' in the TCL console."
#   }
# }
# run 1100ns
INFO: [USF-XSim-96] XSim completed. Design snapshot 'alu_tb_behav' loaded.
INFO: [USF-XSim-97] XSim simulation ran for 1100ns
close_sim
INFO: [Simtcl 6-16] Simulation closed
