#-----------------------------------------------------------
# Vivado v2020.2 (64-bit)
# SW Build 3064766 on Wed Nov 18 09:12:47 MST 2020
# IP Build 3064653 on Wed Nov 18 14:17:31 MST 2020
# Start of session at: Thu Mar 11 11:44:22 2021
# Process ID: 4281
# Current directory: /home/kam/dev/school/computer_architecture_645/fpga/HW05_MIPS_MEM_Bielawski
# Command line: vivado
# Log file: /home/kam/dev/school/computer_architecture_645/fpga/HW05_MIPS_MEM_Bielawski/vivado.log
# Journal file: /home/kam/dev/school/computer_architecture_645/fpga/HW05_MIPS_MEM_Bielawski/vivado.jou
#-----------------------------------------------------------
start_gui
create_project data_memory /home/kam/dev/school/computer_architecture_645/fpga/HW05_MIPS_MEM_Bielawski/DataMem/data_memory -part xc7a100tcsg324-1
INFO: [IP_Flow 19-234] Refreshing IP repositories
INFO: [IP_Flow 19-1704] No user IP repositories specified
INFO: [IP_Flow 19-2313] Loaded Vivado IP repository '/tools/Xilinx/Vivado/2020.2/data/ip'.
INFO: [IP_Flow 19-3899] Cannot get the environment domain name variable for the component vendor name. Setting the vendor name to 'user.org'.
set_property target_language VHDL [current_project]
add_files {/home/kam/dev/school/computer_architecture_645/fpga/HW05_MIPS_MEM_Bielawski/DataMem/design_sources/my_packages/ieee_2008/math_real.vhdl /home/kam/dev/school/computer_architecture_645/fpga/HW05_MIPS_MEM_Bielawski/DataMem/design_sources/DataMem.vhd /home/kam/dev/school/computer_architecture_645/fpga/HW05_MIPS_MEM_Bielawski/DataMem/design_sources/my_packages/ieee_2008/math_real-body.vhdl /home/kam/dev/school/computer_architecture_645/fpga/HW05_MIPS_MEM_Bielawski/DataMem/design_sources/my_packages/my_package.vhd /home/kam/dev/school/computer_architecture_645/fpga/HW05_MIPS_MEM_Bielawski/DataMem/design_sources/my_packages/my_package-body.vhd}
update_compile_order -fileset sources_1
update_compile_order -fileset sources_1
set_property SOURCE_SET sources_1 [get_filesets sim_1]
add_files -fileset sim_1 -norecurse /home/kam/dev/school/computer_architecture_645/fpga/HW05_MIPS_MEM_Bielawski/DataMem/simulation_sources/DataMem_wave.wcfg
add_files -fileset sim_1 -norecurse /home/kam/dev/school/computer_architecture_645/fpga/HW05_MIPS_MEM_Bielawski/DataMem/simulation_sources/DataMem_tb.vhd
update_compile_order -fileset sim_1
update_compile_order -fileset sim_1
INFO: [IP_Flow 19-3899] Cannot get the environment domain name variable for the component vendor name. Setting the vendor name to 'user.org'.
set_property -name {xsim.simulate.runtime} -value {300ns} -objects [get_filesets sim_1]
INFO: [IP_Flow 19-3899] Cannot get the environment domain name variable for the component vendor name. Setting the vendor name to 'user.org'.
WARNING: [filemgmt 56-199] Attempt to get parsing info during refresh. "On-the-fly" syntax checking information may be incorrect. [/home/kam/dev/school/computer_architecture_645/fpga/HW05_MIPS_MEM_Bielawski/DataMem/design_sources/DataMem.vhd:]
WARNING: [filemgmt 56-199] Attempt to get parsing info during refresh. "On-the-fly" syntax checking information may be incorrect. [/home/kam/dev/school/computer_architecture_645/fpga/HW05_MIPS_MEM_Bielawski/DataMem/design_sources/my_packages/my_package.vhd:]
INFO: [IP_Flow 19-3899] Cannot get the environment domain name variable for the component vendor name. Setting the vendor name to 'user.org'.
launch_simulation
Command: launch_simulation 
INFO: [Vivado 12-5682] Launching behavioral simulation in '/home/kam/dev/school/computer_architecture_645/fpga/HW05_MIPS_MEM_Bielawski/DataMem/data_memory/data_memory.sim/sim_1/behav/xsim'
INFO: [SIM-utils-51] Simulation object is 'sim_1'
INFO: [SIM-utils-54] Inspecting design source files for 'DataMem_tb' in fileset 'sim_1'...
INFO: [USF-XSim-97] Finding global include files...
INFO: [USF-XSim-98] Fetching design files from 'sim_1'...
INFO: [USF-XSim-2] XSim::Compile design
INFO: [USF-XSim-61] Executing 'COMPILE and ANALYZE' step in '/home/kam/dev/school/computer_architecture_645/fpga/HW05_MIPS_MEM_Bielawski/DataMem/data_memory/data_memory.sim/sim_1/behav/xsim'
xvhdl --incr --relax -prj DataMem_tb_vhdl.prj
INFO: [VRFC 10-163] Analyzing VHDL file "/home/kam/dev/school/computer_architecture_645/fpga/HW05_MIPS_MEM_Bielawski/DataMem/design_sources/my_packages/my_package.vhd" into library xil_defaultlib
INFO: [VRFC 10-163] Analyzing VHDL file "/home/kam/dev/school/computer_architecture_645/fpga/HW05_MIPS_MEM_Bielawski/DataMem/design_sources/DataMem.vhd" into library xil_defaultlib
INFO: [VRFC 10-3107] analyzing entity 'DataMem'
INFO: [VRFC 10-163] Analyzing VHDL file "/home/kam/dev/school/computer_architecture_645/fpga/HW05_MIPS_MEM_Bielawski/DataMem/design_sources/my_packages/ieee_2008/math_real.vhdl" into library xil_defaultlib
INFO: [VRFC 10-163] Analyzing VHDL file "/home/kam/dev/school/computer_architecture_645/fpga/HW05_MIPS_MEM_Bielawski/DataMem/design_sources/my_packages/ieee_2008/math_real-body.vhdl" into library xil_defaultlib
INFO: [VRFC 10-163] Analyzing VHDL file "/home/kam/dev/school/computer_architecture_645/fpga/HW05_MIPS_MEM_Bielawski/DataMem/design_sources/my_packages/my_package-body.vhd" into library xil_defaultlib
INFO: [VRFC 10-163] Analyzing VHDL file "/home/kam/dev/school/computer_architecture_645/fpga/HW05_MIPS_MEM_Bielawski/DataMem/simulation_sources/DataMem_tb.vhd" into library xil_defaultlib
INFO: [VRFC 10-3107] analyzing entity 'DataMem_tb'
Waiting for jobs to finish...
No pending jobs, compilation finished.
INFO: [USF-XSim-69] 'compile' step finished in '1' seconds
INFO: [USF-XSim-3] XSim::Elaborate design
INFO: [USF-XSim-61] Executing 'ELABORATE' step in '/home/kam/dev/school/computer_architecture_645/fpga/HW05_MIPS_MEM_Bielawski/DataMem/data_memory/data_memory.sim/sim_1/behav/xsim'
xelab -wto 74c138edbcf943b5ae04d3aee3b282c8 --incr --debug typical --relax --mt 8 -L xil_defaultlib -L secureip --snapshot DataMem_tb_behav xil_defaultlib.DataMem_tb -log elaborate.log
Vivado Simulator 2020.2
Copyright 1986-1999, 2001-2020 Xilinx, Inc. All Rights Reserved.
Running: /tools/Xilinx/Vivado/2020.2/bin/unwrapped/lnx64.o/xelab -wto 74c138edbcf943b5ae04d3aee3b282c8 --incr --debug typical --relax --mt 8 -L xil_defaultlib -L secureip --snapshot DataMem_tb_behav xil_defaultlib.DataMem_tb -log elaborate.log 
Using 8 slave threads.
Starting static elaboration
Completed static elaboration
Starting simulation data flow analysis
Completed simulation data flow analysis
Time Resolution for simulation is 1ps
Compiling package std.standard
Compiling package std.textio
Compiling package ieee.std_logic_1164
Compiling package xil_defaultlib.my_package
Compiling package xil_defaultlib.math_real
Compiling package ieee.numeric_std
Compiling architecture behav of entity xil_defaultlib.DataMem [datamem_default]
Compiling architecture behavior of entity xil_defaultlib.datamem_tb
Built simulation snapshot DataMem_tb_behav

****** Webtalk v2020.2 (64-bit)
  **** SW Build 3064766 on Wed Nov 18 09:12:47 MST 2020
  **** IP Build 3064653 on Wed Nov 18 14:17:31 MST 2020
    ** Copyright 1986-2020 Xilinx, Inc. All Rights Reserved.

source /home/kam/dev/school/computer_architecture_645/fpga/HW05_MIPS_MEM_Bielawski/DataMem/data_memory/data_memory.sim/sim_1/behav/xsim/xsim.dir/DataMem_tb_behav/webtalk/xsim_webtalk.tcl -notrace
INFO: [Common 17-186] '/home/kam/dev/school/computer_architecture_645/fpga/HW05_MIPS_MEM_Bielawski/DataMem/data_memory/data_memory.sim/sim_1/behav/xsim/xsim.dir/DataMem_tb_behav/webtalk/usage_statistics_ext_xsim.xml' has been successfully sent to Xilinx on Thu Mar 11 12:02:07 2021. For additional details about this file, please refer to the WebTalk help file at /tools/Xilinx/Vivado/2020.2/doc/webtalk_introduction.html.
INFO: [Common 17-206] Exiting Webtalk at Thu Mar 11 12:02:07 2021...
INFO: [USF-XSim-69] 'elaborate' step finished in '5' seconds
INFO: [USF-XSim-4] XSim::Simulate design
INFO: [USF-XSim-61] Executing 'SIMULATE' step in '/home/kam/dev/school/computer_architecture_645/fpga/HW05_MIPS_MEM_Bielawski/DataMem/data_memory/data_memory.sim/sim_1/behav/xsim'
INFO: [USF-XSim-98] *** Running xsim
   with args "DataMem_tb_behav -key {Behavioral:sim_1:Functional:DataMem_tb} -tclbatch {DataMem_tb.tcl} -view {/home/kam/dev/school/computer_architecture_645/fpga/HW05_MIPS_MEM_Bielawski/DataMem/simulation_sources/DataMem_wave.wcfg} -log {simulate.log}"
INFO: [USF-XSim-8] Loading simulator feature
Vivado Simulator 2020.2
Time resolution is 1 ps
open_wave_config /home/kam/dev/school/computer_architecture_645/fpga/HW05_MIPS_MEM_Bielawski/DataMem/simulation_sources/DataMem_wave.wcfg
source DataMem_tb.tcl
# set curr_wave [current_wave_config]
# if { [string length $curr_wave] == 0 } {
#   if { [llength [get_objects]] > 0} {
#     add_wave /
#     set_property needs_save false [current_wave_config]
#   } else {
#      send_msg_id Add_Wave-1 WARNING "No top level signals found. Simulator will start without a wave window. If you want to open a wave window go to 'File->New Waveform Configuration' or type 'create_wave_config' in the TCL console."
#   }
# }
# run 300ns
ERROR: Index 117 out of bound 0 to 116
Time: 205 ns  Iteration: 1  Process: /DataMem_tb/uut/data_write
  File: /home/kam/dev/school/computer_architecture_645/fpga/HW05_MIPS_MEM_Bielawski/DataMem/design_sources/DataMem.vhd

HDL Line: /home/kam/dev/school/computer_architecture_645/fpga/HW05_MIPS_MEM_Bielawski/DataMem/design_sources/DataMem.vhd:38
INFO: [USF-XSim-96] XSim completed. Design snapshot 'DataMem_tb_behav' loaded.
INFO: [USF-XSim-97] XSim simulation ran for 300ns
launch_simulation: Time (s): cpu = 00:00:10 ; elapsed = 00:00:08 . Memory (MB): peak = 7537.789 ; gain = 146.840 ; free physical = 10641 ; free virtual = 15660
close_sim
INFO: [Simtcl 6-16] Simulation closed
INFO: [IP_Flow 19-3899] Cannot get the environment domain name variable for the component vendor name. Setting the vendor name to 'user.org'.
INFO: [IP_Flow 19-3899] Cannot get the environment domain name variable for the component vendor name. Setting the vendor name to 'user.org'.
launch_simulation
Command: launch_simulation 
INFO: [Vivado 12-5682] Launching behavioral simulation in '/home/kam/dev/school/computer_architecture_645/fpga/HW05_MIPS_MEM_Bielawski/DataMem/data_memory/data_memory.sim/sim_1/behav/xsim'
INFO: [SIM-utils-51] Simulation object is 'sim_1'
INFO: [SIM-utils-54] Inspecting design source files for 'DataMem_tb' in fileset 'sim_1'...
INFO: [USF-XSim-97] Finding global include files...
INFO: [USF-XSim-98] Fetching design files from 'sim_1'...
INFO: [USF-XSim-2] XSim::Compile design
INFO: [USF-XSim-61] Executing 'COMPILE and ANALYZE' step in '/home/kam/dev/school/computer_architecture_645/fpga/HW05_MIPS_MEM_Bielawski/DataMem/data_memory/data_memory.sim/sim_1/behav/xsim'
xvhdl --incr --relax -prj DataMem_tb_vhdl.prj
Waiting for jobs to finish...
No pending jobs, compilation finished.
INFO: [USF-XSim-69] 'compile' step finished in '1' seconds
INFO: [USF-XSim-3] XSim::Elaborate design
INFO: [USF-XSim-61] Executing 'ELABORATE' step in '/home/kam/dev/school/computer_architecture_645/fpga/HW05_MIPS_MEM_Bielawski/DataMem/data_memory/data_memory.sim/sim_1/behav/xsim'
xelab -wto 74c138edbcf943b5ae04d3aee3b282c8 --incr --debug typical --relax --mt 8 -L xil_defaultlib -L secureip --snapshot DataMem_tb_behav xil_defaultlib.DataMem_tb -log elaborate.log
Vivado Simulator 2020.2
Copyright 1986-1999, 2001-2020 Xilinx, Inc. All Rights Reserved.
Running: /tools/Xilinx/Vivado/2020.2/bin/unwrapped/lnx64.o/xelab -wto 74c138edbcf943b5ae04d3aee3b282c8 --incr --debug typical --relax --mt 8 -L xil_defaultlib -L secureip --snapshot DataMem_tb_behav xil_defaultlib.DataMem_tb -log elaborate.log 
Using 8 slave threads.
Starting static elaboration
Completed static elaboration
INFO: [XSIM 43-4323] No Change in HDL. Linking previously generated obj files to create kernel
INFO: [USF-XSim-69] 'elaborate' step finished in '1' seconds
INFO: [USF-XSim-4] XSim::Simulate design
INFO: [USF-XSim-61] Executing 'SIMULATE' step in '/home/kam/dev/school/computer_architecture_645/fpga/HW05_MIPS_MEM_Bielawski/DataMem/data_memory/data_memory.sim/sim_1/behav/xsim'
INFO: [USF-XSim-98] *** Running xsim
   with args "DataMem_tb_behav -key {Behavioral:sim_1:Functional:DataMem_tb} -tclbatch {DataMem_tb.tcl} -view {/home/kam/dev/school/computer_architecture_645/fpga/HW05_MIPS_MEM_Bielawski/DataMem/simulation_sources/DataMem_wave.wcfg} -log {simulate.log}"
INFO: [USF-XSim-8] Loading simulator feature
Vivado Simulator 2020.2
Time resolution is 1 ps
open_wave_config /home/kam/dev/school/computer_architecture_645/fpga/HW05_MIPS_MEM_Bielawski/DataMem/simulation_sources/DataMem_wave.wcfg
source DataMem_tb.tcl
# set curr_wave [current_wave_config]
# if { [string length $curr_wave] == 0 } {
#   if { [llength [get_objects]] > 0} {
#     add_wave /
#     set_property needs_save false [current_wave_config]
#   } else {
#      send_msg_id Add_Wave-1 WARNING "No top level signals found. Simulator will start without a wave window. If you want to open a wave window go to 'File->New Waveform Configuration' or type 'create_wave_config' in the TCL console."
#   }
# }
# run 300ns
ERROR: Index 117 out of bound 0 to 116
Time: 205 ns  Iteration: 1  Process: /DataMem_tb/uut/data_write
  File: /home/kam/dev/school/computer_architecture_645/fpga/HW05_MIPS_MEM_Bielawski/DataMem/design_sources/DataMem.vhd

HDL Line: /home/kam/dev/school/computer_architecture_645/fpga/HW05_MIPS_MEM_Bielawski/DataMem/design_sources/DataMem.vhd:38
INFO: [USF-XSim-96] XSim completed. Design snapshot 'DataMem_tb_behav' loaded.
INFO: [USF-XSim-97] XSim simulation ran for 300ns
close_sim
INFO: [Simtcl 6-16] Simulation closed
launch_simulation
Command: launch_simulation 
INFO: [Vivado 12-5682] Launching behavioral simulation in '/home/kam/dev/school/computer_architecture_645/fpga/HW05_MIPS_MEM_Bielawski/DataMem/data_memory/data_memory.sim/sim_1/behav/xsim'
INFO: [SIM-utils-51] Simulation object is 'sim_1'
INFO: [SIM-utils-54] Inspecting design source files for 'DataMem_tb' in fileset 'sim_1'...
INFO: [USF-XSim-97] Finding global include files...
INFO: [USF-XSim-98] Fetching design files from 'sim_1'...
INFO: [USF-XSim-2] XSim::Compile design
INFO: [USF-XSim-61] Executing 'COMPILE and ANALYZE' step in '/home/kam/dev/school/computer_architecture_645/fpga/HW05_MIPS_MEM_Bielawski/DataMem/data_memory/data_memory.sim/sim_1/behav/xsim'
xvhdl --incr --relax -prj DataMem_tb_vhdl.prj
INFO: [VRFC 10-163] Analyzing VHDL file "/home/kam/dev/school/computer_architecture_645/fpga/HW05_MIPS_MEM_Bielawski/DataMem/design_sources/DataMem.vhd" into library xil_defaultlib
INFO: [VRFC 10-3107] analyzing entity 'DataMem'
Waiting for jobs to finish...
No pending jobs, compilation finished.
INFO: [USF-XSim-69] 'compile' step finished in '1' seconds
INFO: [USF-XSim-3] XSim::Elaborate design
INFO: [USF-XSim-61] Executing 'ELABORATE' step in '/home/kam/dev/school/computer_architecture_645/fpga/HW05_MIPS_MEM_Bielawski/DataMem/data_memory/data_memory.sim/sim_1/behav/xsim'
xelab -wto 74c138edbcf943b5ae04d3aee3b282c8 --incr --debug typical --relax --mt 8 -L xil_defaultlib -L secureip --snapshot DataMem_tb_behav xil_defaultlib.DataMem_tb -log elaborate.log
Vivado Simulator 2020.2
Copyright 1986-1999, 2001-2020 Xilinx, Inc. All Rights Reserved.
Running: /tools/Xilinx/Vivado/2020.2/bin/unwrapped/lnx64.o/xelab -wto 74c138edbcf943b5ae04d3aee3b282c8 --incr --debug typical --relax --mt 8 -L xil_defaultlib -L secureip --snapshot DataMem_tb_behav xil_defaultlib.DataMem_tb -log elaborate.log 
Using 8 slave threads.
Starting static elaboration
Completed static elaboration
Starting simulation data flow analysis
Completed simulation data flow analysis
Time Resolution for simulation is 1ps
Compiling package std.standard
Compiling package std.textio
Compiling package ieee.std_logic_1164
Compiling package xil_defaultlib.my_package
Compiling package xil_defaultlib.math_real
Compiling package ieee.numeric_std
Compiling architecture behav of entity xil_defaultlib.DataMem [datamem_default]
Compiling architecture behavior of entity xil_defaultlib.datamem_tb
Built simulation snapshot DataMem_tb_behav
INFO: [USF-XSim-69] 'elaborate' step finished in '1' seconds
INFO: [USF-XSim-4] XSim::Simulate design
INFO: [USF-XSim-61] Executing 'SIMULATE' step in '/home/kam/dev/school/computer_architecture_645/fpga/HW05_MIPS_MEM_Bielawski/DataMem/data_memory/data_memory.sim/sim_1/behav/xsim'
INFO: [USF-XSim-98] *** Running xsim
   with args "DataMem_tb_behav -key {Behavioral:sim_1:Functional:DataMem_tb} -tclbatch {DataMem_tb.tcl} -view {/home/kam/dev/school/computer_architecture_645/fpga/HW05_MIPS_MEM_Bielawski/DataMem/simulation_sources/DataMem_wave.wcfg} -log {simulate.log}"
INFO: [USF-XSim-8] Loading simulator feature
Vivado Simulator 2020.2
Time resolution is 1 ps
open_wave_config /home/kam/dev/school/computer_architecture_645/fpga/HW05_MIPS_MEM_Bielawski/DataMem/simulation_sources/DataMem_wave.wcfg
source DataMem_tb.tcl
# set curr_wave [current_wave_config]
# if { [string length $curr_wave] == 0 } {
#   if { [llength [get_objects]] > 0} {
#     add_wave /
#     set_property needs_save false [current_wave_config]
#   } else {
#      send_msg_id Add_Wave-1 WARNING "No top level signals found. Simulator will start without a wave window. If you want to open a wave window go to 'File->New Waveform Configuration' or type 'create_wave_config' in the TCL console."
#   }
# }
# run 300ns
ERROR: Index 117 out of bound 0 to 116
Time: 205 ns  Iteration: 1  Process: /DataMem_tb/uut/data_write
  File: /home/kam/dev/school/computer_architecture_645/fpga/HW05_MIPS_MEM_Bielawski/DataMem/design_sources/DataMem.vhd

HDL Line: /home/kam/dev/school/computer_architecture_645/fpga/HW05_MIPS_MEM_Bielawski/DataMem/design_sources/DataMem.vhd:38
INFO: [USF-XSim-96] XSim completed. Design snapshot 'DataMem_tb_behav' loaded.
INFO: [USF-XSim-97] XSim simulation ran for 300ns
INFO: [IP_Flow 19-3899] Cannot get the environment domain name variable for the component vendor name. Setting the vendor name to 'user.org'.
INFO: [IP_Flow 19-3899] Cannot get the environment domain name variable for the component vendor name. Setting the vendor name to 'user.org'.
INFO: [IP_Flow 19-3899] Cannot get the environment domain name variable for the component vendor name. Setting the vendor name to 'user.org'.
INFO: [IP_Flow 19-3899] Cannot get the environment domain name variable for the component vendor name. Setting the vendor name to 'user.org'.
close_sim
INFO: [Simtcl 6-16] Simulation closed
launch_simulation
Command: launch_simulation 
INFO: [Vivado 12-5682] Launching behavioral simulation in '/home/kam/dev/school/computer_architecture_645/fpga/HW05_MIPS_MEM_Bielawski/DataMem/data_memory/data_memory.sim/sim_1/behav/xsim'
INFO: [SIM-utils-51] Simulation object is 'sim_1'
INFO: [SIM-utils-54] Inspecting design source files for 'DataMem_tb' in fileset 'sim_1'...
INFO: [USF-XSim-97] Finding global include files...
INFO: [USF-XSim-98] Fetching design files from 'sim_1'...
INFO: [USF-XSim-2] XSim::Compile design
INFO: [USF-XSim-61] Executing 'COMPILE and ANALYZE' step in '/home/kam/dev/school/computer_architecture_645/fpga/HW05_MIPS_MEM_Bielawski/DataMem/data_memory/data_memory.sim/sim_1/behav/xsim'
xvhdl --incr --relax -prj DataMem_tb_vhdl.prj
INFO: [VRFC 10-163] Analyzing VHDL file "/home/kam/dev/school/computer_architecture_645/fpga/HW05_MIPS_MEM_Bielawski/DataMem/design_sources/DataMem.vhd" into library xil_defaultlib
INFO: [VRFC 10-3107] analyzing entity 'DataMem'
Waiting for jobs to finish...
No pending jobs, compilation finished.
INFO: [USF-XSim-69] 'compile' step finished in '1' seconds
INFO: [USF-XSim-3] XSim::Elaborate design
INFO: [USF-XSim-61] Executing 'ELABORATE' step in '/home/kam/dev/school/computer_architecture_645/fpga/HW05_MIPS_MEM_Bielawski/DataMem/data_memory/data_memory.sim/sim_1/behav/xsim'
xelab -wto 74c138edbcf943b5ae04d3aee3b282c8 --incr --debug typical --relax --mt 8 -L xil_defaultlib -L secureip --snapshot DataMem_tb_behav xil_defaultlib.DataMem_tb -log elaborate.log
Vivado Simulator 2020.2
Copyright 1986-1999, 2001-2020 Xilinx, Inc. All Rights Reserved.
Running: /tools/Xilinx/Vivado/2020.2/bin/unwrapped/lnx64.o/xelab -wto 74c138edbcf943b5ae04d3aee3b282c8 --incr --debug typical --relax --mt 8 -L xil_defaultlib -L secureip --snapshot DataMem_tb_behav xil_defaultlib.DataMem_tb -log elaborate.log 
Using 8 slave threads.
Starting static elaboration
ERROR: [VRFC 10-664] expression has 39 elements ; expected 117 [/home/kam/dev/school/computer_architecture_645/fpga/HW05_MIPS_MEM_Bielawski/DataMem/design_sources/DataMem.vhd:38]
ERROR: [XSIM 43-3321] Static elaboration of top level VHDL design unit datamem_tb in library work failed.
INFO: [USF-XSim-69] 'elaborate' step finished in '1' seconds
INFO: [USF-XSim-99] Step results log file:'/home/kam/dev/school/computer_architecture_645/fpga/HW05_MIPS_MEM_Bielawski/DataMem/data_memory/data_memory.sim/sim_1/behav/xsim/elaborate.log'
ERROR: [USF-XSim-62] 'elaborate' step failed with error(s). Please check the Tcl console output or '/home/kam/dev/school/computer_architecture_645/fpga/HW05_MIPS_MEM_Bielawski/DataMem/data_memory/data_memory.sim/sim_1/behav/xsim/elaborate.log' file for more information.
ERROR: [Vivado 12-4473] Detected error while running simulation. Please correct the issue and retry this operation.
ERROR: [Common 17-39] 'launch_simulation' failed due to earlier errors.
launch_simulation
Command: launch_simulation 
INFO: [Vivado 12-5682] Launching behavioral simulation in '/home/kam/dev/school/computer_architecture_645/fpga/HW05_MIPS_MEM_Bielawski/DataMem/data_memory/data_memory.sim/sim_1/behav/xsim'
INFO: [SIM-utils-51] Simulation object is 'sim_1'
INFO: [SIM-utils-54] Inspecting design source files for 'DataMem_tb' in fileset 'sim_1'...
INFO: [USF-XSim-97] Finding global include files...
INFO: [USF-XSim-98] Fetching design files from 'sim_1'...
INFO: [USF-XSim-2] XSim::Compile design
INFO: [USF-XSim-61] Executing 'COMPILE and ANALYZE' step in '/home/kam/dev/school/computer_architecture_645/fpga/HW05_MIPS_MEM_Bielawski/DataMem/data_memory/data_memory.sim/sim_1/behav/xsim'
xvhdl --incr --relax -prj DataMem_tb_vhdl.prj
INFO: [VRFC 10-163] Analyzing VHDL file "/home/kam/dev/school/computer_architecture_645/fpga/HW05_MIPS_MEM_Bielawski/DataMem/design_sources/DataMem.vhd" into library xil_defaultlib
INFO: [VRFC 10-3107] analyzing entity 'DataMem'
Waiting for jobs to finish...
No pending jobs, compilation finished.
INFO: [USF-XSim-69] 'compile' step finished in '1' seconds
INFO: [USF-XSim-3] XSim::Elaborate design
INFO: [USF-XSim-61] Executing 'ELABORATE' step in '/home/kam/dev/school/computer_architecture_645/fpga/HW05_MIPS_MEM_Bielawski/DataMem/data_memory/data_memory.sim/sim_1/behav/xsim'
xelab -wto 74c138edbcf943b5ae04d3aee3b282c8 --incr --debug typical --relax --mt 8 -L xil_defaultlib -L secureip --snapshot DataMem_tb_behav xil_defaultlib.DataMem_tb -log elaborate.log
Vivado Simulator 2020.2
Copyright 1986-1999, 2001-2020 Xilinx, Inc. All Rights Reserved.
Running: /tools/Xilinx/Vivado/2020.2/bin/unwrapped/lnx64.o/xelab -wto 74c138edbcf943b5ae04d3aee3b282c8 --incr --debug typical --relax --mt 8 -L xil_defaultlib -L secureip --snapshot DataMem_tb_behav xil_defaultlib.DataMem_tb -log elaborate.log 
Using 8 slave threads.
Starting static elaboration
ERROR: [VRFC 10-664] expression has 39 elements ; expected 117 [/home/kam/dev/school/computer_architecture_645/fpga/HW05_MIPS_MEM_Bielawski/DataMem/design_sources/DataMem.vhd:38]
ERROR: [XSIM 43-3321] Static elaboration of top level VHDL design unit datamem_tb in library work failed.
INFO: [USF-XSim-69] 'elaborate' step finished in '1' seconds
INFO: [USF-XSim-99] Step results log file:'/home/kam/dev/school/computer_architecture_645/fpga/HW05_MIPS_MEM_Bielawski/DataMem/data_memory/data_memory.sim/sim_1/behav/xsim/elaborate.log'
ERROR: [USF-XSim-62] 'elaborate' step failed with error(s). Please check the Tcl console output or '/home/kam/dev/school/computer_architecture_645/fpga/HW05_MIPS_MEM_Bielawski/DataMem/data_memory/data_memory.sim/sim_1/behav/xsim/elaborate.log' file for more information.
ERROR: [Vivado 12-4473] Detected error while running simulation. Please correct the issue and retry this operation.
ERROR: [Common 17-39] 'launch_simulation' failed due to earlier errors.
launch_simulation
Command: launch_simulation 
INFO: [Vivado 12-5682] Launching behavioral simulation in '/home/kam/dev/school/computer_architecture_645/fpga/HW05_MIPS_MEM_Bielawski/DataMem/data_memory/data_memory.sim/sim_1/behav/xsim'
INFO: [SIM-utils-51] Simulation object is 'sim_1'
INFO: [SIM-utils-54] Inspecting design source files for 'DataMem_tb' in fileset 'sim_1'...
INFO: [USF-XSim-97] Finding global include files...
INFO: [USF-XSim-98] Fetching design files from 'sim_1'...
INFO: [USF-XSim-2] XSim::Compile design
INFO: [USF-XSim-61] Executing 'COMPILE and ANALYZE' step in '/home/kam/dev/school/computer_architecture_645/fpga/HW05_MIPS_MEM_Bielawski/DataMem/data_memory/data_memory.sim/sim_1/behav/xsim'
xvhdl --incr --relax -prj DataMem_tb_vhdl.prj
INFO: [VRFC 10-163] Analyzing VHDL file "/home/kam/dev/school/computer_architecture_645/fpga/HW05_MIPS_MEM_Bielawski/DataMem/design_sources/DataMem.vhd" into library xil_defaultlib
INFO: [VRFC 10-3107] analyzing entity 'DataMem'
Waiting for jobs to finish...
No pending jobs, compilation finished.
INFO: [USF-XSim-69] 'compile' step finished in '1' seconds
INFO: [USF-XSim-3] XSim::Elaborate design
INFO: [USF-XSim-61] Executing 'ELABORATE' step in '/home/kam/dev/school/computer_architecture_645/fpga/HW05_MIPS_MEM_Bielawski/DataMem/data_memory/data_memory.sim/sim_1/behav/xsim'
xelab -wto 74c138edbcf943b5ae04d3aee3b282c8 --incr --debug typical --relax --mt 8 -L xil_defaultlib -L secureip --snapshot DataMem_tb_behav xil_defaultlib.DataMem_tb -log elaborate.log
Vivado Simulator 2020.2
Copyright 1986-1999, 2001-2020 Xilinx, Inc. All Rights Reserved.
Running: /tools/Xilinx/Vivado/2020.2/bin/unwrapped/lnx64.o/xelab -wto 74c138edbcf943b5ae04d3aee3b282c8 --incr --debug typical --relax --mt 8 -L xil_defaultlib -L secureip --snapshot DataMem_tb_behav xil_defaultlib.DataMem_tb -log elaborate.log 
Using 8 slave threads.
Starting static elaboration
Completed static elaboration
Starting simulation data flow analysis
Completed simulation data flow analysis
Time Resolution for simulation is 1ps
Compiling package std.standard
Compiling package std.textio
Compiling package ieee.std_logic_1164
Compiling package xil_defaultlib.my_package
Compiling package xil_defaultlib.math_real
Compiling package ieee.numeric_std
Compiling architecture behav of entity xil_defaultlib.DataMem [datamem_default]
Compiling architecture behavior of entity xil_defaultlib.datamem_tb
Built simulation snapshot DataMem_tb_behav
INFO: [USF-XSim-69] 'elaborate' step finished in '1' seconds
INFO: [USF-XSim-4] XSim::Simulate design
INFO: [USF-XSim-61] Executing 'SIMULATE' step in '/home/kam/dev/school/computer_architecture_645/fpga/HW05_MIPS_MEM_Bielawski/DataMem/data_memory/data_memory.sim/sim_1/behav/xsim'
INFO: [USF-XSim-98] *** Running xsim
   with args "DataMem_tb_behav -key {Behavioral:sim_1:Functional:DataMem_tb} -tclbatch {DataMem_tb.tcl} -view {/home/kam/dev/school/computer_architecture_645/fpga/HW05_MIPS_MEM_Bielawski/DataMem/simulation_sources/DataMem_wave.wcfg} -log {simulate.log}"
INFO: [USF-XSim-8] Loading simulator feature
Vivado Simulator 2020.2
Time resolution is 1 ps
open_wave_config /home/kam/dev/school/computer_architecture_645/fpga/HW05_MIPS_MEM_Bielawski/DataMem/simulation_sources/DataMem_wave.wcfg
source DataMem_tb.tcl
# set curr_wave [current_wave_config]
# if { [string length $curr_wave] == 0 } {
#   if { [llength [get_objects]] > 0} {
#     add_wave /
#     set_property needs_save false [current_wave_config]
#   } else {
#      send_msg_id Add_Wave-1 WARNING "No top level signals found. Simulator will start without a wave window. If you want to open a wave window go to 'File->New Waveform Configuration' or type 'create_wave_config' in the TCL console."
#   }
# }
# run 300ns
ERROR: Index 117 out of bound 0 to 116
Time: 205 ns  Iteration: 1  Process: /DataMem_tb/uut/data_write
  File: /home/kam/dev/school/computer_architecture_645/fpga/HW05_MIPS_MEM_Bielawski/DataMem/design_sources/DataMem.vhd

HDL Line: /home/kam/dev/school/computer_architecture_645/fpga/HW05_MIPS_MEM_Bielawski/DataMem/design_sources/DataMem.vhd:43
INFO: [USF-XSim-96] XSim completed. Design snapshot 'DataMem_tb_behav' loaded.
INFO: [USF-XSim-97] XSim simulation ran for 300ns
close_sim
INFO: [Simtcl 6-16] Simulation closed
launch_simulation
Command: launch_simulation 
INFO: [Vivado 12-5682] Launching behavioral simulation in '/home/kam/dev/school/computer_architecture_645/fpga/HW05_MIPS_MEM_Bielawski/DataMem/data_memory/data_memory.sim/sim_1/behav/xsim'
INFO: [SIM-utils-51] Simulation object is 'sim_1'
INFO: [SIM-utils-54] Inspecting design source files for 'DataMem_tb' in fileset 'sim_1'...
INFO: [USF-XSim-97] Finding global include files...
INFO: [USF-XSim-98] Fetching design files from 'sim_1'...
INFO: [USF-XSim-2] XSim::Compile design
INFO: [USF-XSim-61] Executing 'COMPILE and ANALYZE' step in '/home/kam/dev/school/computer_architecture_645/fpga/HW05_MIPS_MEM_Bielawski/DataMem/data_memory/data_memory.sim/sim_1/behav/xsim'
xvhdl --incr --relax -prj DataMem_tb_vhdl.prj
INFO: [VRFC 10-163] Analyzing VHDL file "/home/kam/dev/school/computer_architecture_645/fpga/HW05_MIPS_MEM_Bielawski/DataMem/design_sources/DataMem.vhd" into library xil_defaultlib
INFO: [VRFC 10-3107] analyzing entity 'DataMem'
Waiting for jobs to finish...
No pending jobs, compilation finished.
INFO: [USF-XSim-69] 'compile' step finished in '1' seconds
INFO: [USF-XSim-3] XSim::Elaborate design
INFO: [USF-XSim-61] Executing 'ELABORATE' step in '/home/kam/dev/school/computer_architecture_645/fpga/HW05_MIPS_MEM_Bielawski/DataMem/data_memory/data_memory.sim/sim_1/behav/xsim'
xelab -wto 74c138edbcf943b5ae04d3aee3b282c8 --incr --debug typical --relax --mt 8 -L xil_defaultlib -L secureip --snapshot DataMem_tb_behav xil_defaultlib.DataMem_tb -log elaborate.log
Vivado Simulator 2020.2
Copyright 1986-1999, 2001-2020 Xilinx, Inc. All Rights Reserved.
Running: /tools/Xilinx/Vivado/2020.2/bin/unwrapped/lnx64.o/xelab -wto 74c138edbcf943b5ae04d3aee3b282c8 --incr --debug typical --relax --mt 8 -L xil_defaultlib -L secureip --snapshot DataMem_tb_behav xil_defaultlib.DataMem_tb -log elaborate.log 
Using 8 slave threads.
Starting static elaboration
Completed static elaboration
Starting simulation data flow analysis
Completed simulation data flow analysis
Time Resolution for simulation is 1ps
Compiling package std.standard
Compiling package std.textio
Compiling package ieee.std_logic_1164
Compiling package xil_defaultlib.my_package
Compiling package xil_defaultlib.math_real
Compiling package ieee.numeric_std
Compiling architecture behav of entity xil_defaultlib.DataMem [datamem_default]
Compiling architecture behavior of entity xil_defaultlib.datamem_tb
Built simulation snapshot DataMem_tb_behav
INFO: [USF-XSim-69] 'elaborate' step finished in '1' seconds
INFO: [USF-XSim-4] XSim::Simulate design
INFO: [USF-XSim-61] Executing 'SIMULATE' step in '/home/kam/dev/school/computer_architecture_645/fpga/HW05_MIPS_MEM_Bielawski/DataMem/data_memory/data_memory.sim/sim_1/behav/xsim'
INFO: [USF-XSim-98] *** Running xsim
   with args "DataMem_tb_behav -key {Behavioral:sim_1:Functional:DataMem_tb} -tclbatch {DataMem_tb.tcl} -view {/home/kam/dev/school/computer_architecture_645/fpga/HW05_MIPS_MEM_Bielawski/DataMem/simulation_sources/DataMem_wave.wcfg} -log {simulate.log}"
INFO: [USF-XSim-8] Loading simulator feature
Vivado Simulator 2020.2
Time resolution is 1 ps
open_wave_config /home/kam/dev/school/computer_architecture_645/fpga/HW05_MIPS_MEM_Bielawski/DataMem/simulation_sources/DataMem_wave.wcfg
source DataMem_tb.tcl
# set curr_wave [current_wave_config]
# if { [string length $curr_wave] == 0 } {
#   if { [llength [get_objects]] > 0} {
#     add_wave /
#     set_property needs_save false [current_wave_config]
#   } else {
#      send_msg_id Add_Wave-1 WARNING "No top level signals found. Simulator will start without a wave window. If you want to open a wave window go to 'File->New Waveform Configuration' or type 'create_wave_config' in the TCL console."
#   }
# }
# run 300ns
INFO: [USF-XSim-96] XSim completed. Design snapshot 'DataMem_tb_behav' loaded.
INFO: [USF-XSim-97] XSim simulation ran for 300ns
close_sim
INFO: [Simtcl 6-16] Simulation closed
launch_simulation
Command: launch_simulation 
INFO: [Vivado 12-5682] Launching behavioral simulation in '/home/kam/dev/school/computer_architecture_645/fpga/HW05_MIPS_MEM_Bielawski/DataMem/data_memory/data_memory.sim/sim_1/behav/xsim'
INFO: [SIM-utils-51] Simulation object is 'sim_1'
INFO: [SIM-utils-54] Inspecting design source files for 'DataMem_tb' in fileset 'sim_1'...
INFO: [USF-XSim-97] Finding global include files...
INFO: [USF-XSim-98] Fetching design files from 'sim_1'...
INFO: [USF-XSim-2] XSim::Compile design
INFO: [USF-XSim-61] Executing 'COMPILE and ANALYZE' step in '/home/kam/dev/school/computer_architecture_645/fpga/HW05_MIPS_MEM_Bielawski/DataMem/data_memory/data_memory.sim/sim_1/behav/xsim'
xvhdl --incr --relax -prj DataMem_tb_vhdl.prj
INFO: [VRFC 10-163] Analyzing VHDL file "/home/kam/dev/school/computer_architecture_645/fpga/HW05_MIPS_MEM_Bielawski/DataMem/design_sources/DataMem.vhd" into library xil_defaultlib
INFO: [VRFC 10-3107] analyzing entity 'DataMem'
Waiting for jobs to finish...
No pending jobs, compilation finished.
INFO: [USF-XSim-69] 'compile' step finished in '1' seconds
INFO: [USF-XSim-3] XSim::Elaborate design
INFO: [USF-XSim-61] Executing 'ELABORATE' step in '/home/kam/dev/school/computer_architecture_645/fpga/HW05_MIPS_MEM_Bielawski/DataMem/data_memory/data_memory.sim/sim_1/behav/xsim'
xelab -wto 74c138edbcf943b5ae04d3aee3b282c8 --incr --debug typical --relax --mt 8 -L xil_defaultlib -L secureip --snapshot DataMem_tb_behav xil_defaultlib.DataMem_tb -log elaborate.log
Vivado Simulator 2020.2
Copyright 1986-1999, 2001-2020 Xilinx, Inc. All Rights Reserved.
Running: /tools/Xilinx/Vivado/2020.2/bin/unwrapped/lnx64.o/xelab -wto 74c138edbcf943b5ae04d3aee3b282c8 --incr --debug typical --relax --mt 8 -L xil_defaultlib -L secureip --snapshot DataMem_tb_behav xil_defaultlib.DataMem_tb -log elaborate.log 
Using 8 slave threads.
Starting static elaboration
Completed static elaboration
Starting simulation data flow analysis
Completed simulation data flow analysis
Time Resolution for simulation is 1ps
Compiling package std.standard
Compiling package std.textio
Compiling package ieee.std_logic_1164
Compiling package xil_defaultlib.my_package
Compiling package xil_defaultlib.math_real
Compiling package ieee.numeric_std
Compiling architecture behav of entity xil_defaultlib.DataMem [datamem_default]
Compiling architecture behavior of entity xil_defaultlib.datamem_tb
Built simulation snapshot DataMem_tb_behav
INFO: [USF-XSim-69] 'elaborate' step finished in '1' seconds
INFO: [USF-XSim-4] XSim::Simulate design
INFO: [USF-XSim-61] Executing 'SIMULATE' step in '/home/kam/dev/school/computer_architecture_645/fpga/HW05_MIPS_MEM_Bielawski/DataMem/data_memory/data_memory.sim/sim_1/behav/xsim'
INFO: [USF-XSim-98] *** Running xsim
   with args "DataMem_tb_behav -key {Behavioral:sim_1:Functional:DataMem_tb} -tclbatch {DataMem_tb.tcl} -view {/home/kam/dev/school/computer_architecture_645/fpga/HW05_MIPS_MEM_Bielawski/DataMem/simulation_sources/DataMem_wave.wcfg} -log {simulate.log}"
INFO: [USF-XSim-8] Loading simulator feature
Vivado Simulator 2020.2
Time resolution is 1 ps
open_wave_config /home/kam/dev/school/computer_architecture_645/fpga/HW05_MIPS_MEM_Bielawski/DataMem/simulation_sources/DataMem_wave.wcfg
source DataMem_tb.tcl
# set curr_wave [current_wave_config]
# if { [string length $curr_wave] == 0 } {
#   if { [llength [get_objects]] > 0} {
#     add_wave /
#     set_property needs_save false [current_wave_config]
#   } else {
#      send_msg_id Add_Wave-1 WARNING "No top level signals found. Simulator will start without a wave window. If you want to open a wave window go to 'File->New Waveform Configuration' or type 'create_wave_config' in the TCL console."
#   }
# }
# run 300ns
INFO: [USF-XSim-96] XSim completed. Design snapshot 'DataMem_tb_behav' loaded.
INFO: [USF-XSim-97] XSim simulation ran for 300ns
close_sim
INFO: [Simtcl 6-16] Simulation closed
launch_simulation
Command: launch_simulation 
INFO: [Vivado 12-5682] Launching behavioral simulation in '/home/kam/dev/school/computer_architecture_645/fpga/HW05_MIPS_MEM_Bielawski/DataMem/data_memory/data_memory.sim/sim_1/behav/xsim'
INFO: [SIM-utils-51] Simulation object is 'sim_1'
INFO: [SIM-utils-54] Inspecting design source files for 'DataMem_tb' in fileset 'sim_1'...
INFO: [USF-XSim-97] Finding global include files...
INFO: [USF-XSim-98] Fetching design files from 'sim_1'...
INFO: [USF-XSim-2] XSim::Compile design
INFO: [USF-XSim-61] Executing 'COMPILE and ANALYZE' step in '/home/kam/dev/school/computer_architecture_645/fpga/HW05_MIPS_MEM_Bielawski/DataMem/data_memory/data_memory.sim/sim_1/behav/xsim'
xvhdl --incr --relax -prj DataMem_tb_vhdl.prj
INFO: [VRFC 10-163] Analyzing VHDL file "/home/kam/dev/school/computer_architecture_645/fpga/HW05_MIPS_MEM_Bielawski/DataMem/design_sources/DataMem.vhd" into library xil_defaultlib
INFO: [VRFC 10-3107] analyzing entity 'DataMem'
Waiting for jobs to finish...
No pending jobs, compilation finished.
INFO: [USF-XSim-69] 'compile' step finished in '1' seconds
INFO: [USF-XSim-3] XSim::Elaborate design
INFO: [USF-XSim-61] Executing 'ELABORATE' step in '/home/kam/dev/school/computer_architecture_645/fpga/HW05_MIPS_MEM_Bielawski/DataMem/data_memory/data_memory.sim/sim_1/behav/xsim'
xelab -wto 74c138edbcf943b5ae04d3aee3b282c8 --incr --debug typical --relax --mt 8 -L xil_defaultlib -L secureip --snapshot DataMem_tb_behav xil_defaultlib.DataMem_tb -log elaborate.log
Vivado Simulator 2020.2
Copyright 1986-1999, 2001-2020 Xilinx, Inc. All Rights Reserved.
Running: /tools/Xilinx/Vivado/2020.2/bin/unwrapped/lnx64.o/xelab -wto 74c138edbcf943b5ae04d3aee3b282c8 --incr --debug typical --relax --mt 8 -L xil_defaultlib -L secureip --snapshot DataMem_tb_behav xil_defaultlib.DataMem_tb -log elaborate.log 
Using 8 slave threads.
Starting static elaboration
Completed static elaboration
Starting simulation data flow analysis
Completed simulation data flow analysis
Time Resolution for simulation is 1ps
Compiling package std.standard
Compiling package std.textio
Compiling package ieee.std_logic_1164
Compiling package xil_defaultlib.my_package
Compiling package xil_defaultlib.math_real
Compiling package ieee.numeric_std
Compiling architecture behav of entity xil_defaultlib.DataMem [datamem_default]
Compiling architecture behavior of entity xil_defaultlib.datamem_tb
Built simulation snapshot DataMem_tb_behav
INFO: [USF-XSim-69] 'elaborate' step finished in '1' seconds
INFO: [USF-XSim-4] XSim::Simulate design
INFO: [USF-XSim-61] Executing 'SIMULATE' step in '/home/kam/dev/school/computer_architecture_645/fpga/HW05_MIPS_MEM_Bielawski/DataMem/data_memory/data_memory.sim/sim_1/behav/xsim'
INFO: [USF-XSim-98] *** Running xsim
   with args "DataMem_tb_behav -key {Behavioral:sim_1:Functional:DataMem_tb} -tclbatch {DataMem_tb.tcl} -view {/home/kam/dev/school/computer_architecture_645/fpga/HW05_MIPS_MEM_Bielawski/DataMem/simulation_sources/DataMem_wave.wcfg} -log {simulate.log}"
INFO: [USF-XSim-8] Loading simulator feature
Vivado Simulator 2020.2
Time resolution is 1 ps
open_wave_config /home/kam/dev/school/computer_architecture_645/fpga/HW05_MIPS_MEM_Bielawski/DataMem/simulation_sources/DataMem_wave.wcfg
source DataMem_tb.tcl
# set curr_wave [current_wave_config]
# if { [string length $curr_wave] == 0 } {
#   if { [llength [get_objects]] > 0} {
#     add_wave /
#     set_property needs_save false [current_wave_config]
#   } else {
#      send_msg_id Add_Wave-1 WARNING "No top level signals found. Simulator will start without a wave window. If you want to open a wave window go to 'File->New Waveform Configuration' or type 'create_wave_config' in the TCL console."
#   }
# }
# run 300ns
INFO: [USF-XSim-96] XSim completed. Design snapshot 'DataMem_tb_behav' loaded.
INFO: [USF-XSim-97] XSim simulation ran for 300ns
close_sim
INFO: [Simtcl 6-16] Simulation closed
launch_simulation
Command: launch_simulation 
INFO: [Vivado 12-5682] Launching behavioral simulation in '/home/kam/dev/school/computer_architecture_645/fpga/HW05_MIPS_MEM_Bielawski/DataMem/data_memory/data_memory.sim/sim_1/behav/xsim'
INFO: [SIM-utils-51] Simulation object is 'sim_1'
INFO: [SIM-utils-54] Inspecting design source files for 'DataMem_tb' in fileset 'sim_1'...
INFO: [USF-XSim-97] Finding global include files...
INFO: [USF-XSim-98] Fetching design files from 'sim_1'...
INFO: [USF-XSim-2] XSim::Compile design
INFO: [USF-XSim-61] Executing 'COMPILE and ANALYZE' step in '/home/kam/dev/school/computer_architecture_645/fpga/HW05_MIPS_MEM_Bielawski/DataMem/data_memory/data_memory.sim/sim_1/behav/xsim'
xvhdl --incr --relax -prj DataMem_tb_vhdl.prj
INFO: [VRFC 10-163] Analyzing VHDL file "/home/kam/dev/school/computer_architecture_645/fpga/HW05_MIPS_MEM_Bielawski/DataMem/design_sources/DataMem.vhd" into library xil_defaultlib
INFO: [VRFC 10-3107] analyzing entity 'DataMem'
Waiting for jobs to finish...
No pending jobs, compilation finished.
INFO: [USF-XSim-69] 'compile' step finished in '1' seconds
INFO: [USF-XSim-3] XSim::Elaborate design
INFO: [USF-XSim-61] Executing 'ELABORATE' step in '/home/kam/dev/school/computer_architecture_645/fpga/HW05_MIPS_MEM_Bielawski/DataMem/data_memory/data_memory.sim/sim_1/behav/xsim'
xelab -wto 74c138edbcf943b5ae04d3aee3b282c8 --incr --debug typical --relax --mt 8 -L xil_defaultlib -L secureip --snapshot DataMem_tb_behav xil_defaultlib.DataMem_tb -log elaborate.log
Vivado Simulator 2020.2
Copyright 1986-1999, 2001-2020 Xilinx, Inc. All Rights Reserved.
Running: /tools/Xilinx/Vivado/2020.2/bin/unwrapped/lnx64.o/xelab -wto 74c138edbcf943b5ae04d3aee3b282c8 --incr --debug typical --relax --mt 8 -L xil_defaultlib -L secureip --snapshot DataMem_tb_behav xil_defaultlib.DataMem_tb -log elaborate.log 
Using 8 slave threads.
Starting static elaboration
Completed static elaboration
Starting simulation data flow analysis
Completed simulation data flow analysis
Time Resolution for simulation is 1ps
Compiling package std.standard
Compiling package std.textio
Compiling package ieee.std_logic_1164
Compiling package xil_defaultlib.my_package
Compiling package xil_defaultlib.math_real
Compiling package ieee.numeric_std
Compiling architecture behav of entity xil_defaultlib.DataMem [datamem_default]
Compiling architecture behavior of entity xil_defaultlib.datamem_tb
Built simulation snapshot DataMem_tb_behav
INFO: [USF-XSim-69] 'elaborate' step finished in '1' seconds
INFO: [USF-XSim-4] XSim::Simulate design
INFO: [USF-XSim-61] Executing 'SIMULATE' step in '/home/kam/dev/school/computer_architecture_645/fpga/HW05_MIPS_MEM_Bielawski/DataMem/data_memory/data_memory.sim/sim_1/behav/xsim'
INFO: [USF-XSim-98] *** Running xsim
   with args "DataMem_tb_behav -key {Behavioral:sim_1:Functional:DataMem_tb} -tclbatch {DataMem_tb.tcl} -view {/home/kam/dev/school/computer_architecture_645/fpga/HW05_MIPS_MEM_Bielawski/DataMem/simulation_sources/DataMem_wave.wcfg} -log {simulate.log}"
INFO: [USF-XSim-8] Loading simulator feature
Vivado Simulator 2020.2
Time resolution is 1 ps
open_wave_config /home/kam/dev/school/computer_architecture_645/fpga/HW05_MIPS_MEM_Bielawski/DataMem/simulation_sources/DataMem_wave.wcfg
source DataMem_tb.tcl
# set curr_wave [current_wave_config]
# if { [string length $curr_wave] == 0 } {
#   if { [llength [get_objects]] > 0} {
#     add_wave /
#     set_property needs_save false [current_wave_config]
#   } else {
#      send_msg_id Add_Wave-1 WARNING "No top level signals found. Simulator will start without a wave window. If you want to open a wave window go to 'File->New Waveform Configuration' or type 'create_wave_config' in the TCL console."
#   }
# }
# run 300ns
INFO: [USF-XSim-96] XSim completed. Design snapshot 'DataMem_tb_behav' loaded.
INFO: [USF-XSim-97] XSim simulation ran for 300ns
close_sim
INFO: [Simtcl 6-16] Simulation closed
launch_simulation
Command: launch_simulation 
INFO: [Vivado 12-5682] Launching behavioral simulation in '/home/kam/dev/school/computer_architecture_645/fpga/HW05_MIPS_MEM_Bielawski/DataMem/data_memory/data_memory.sim/sim_1/behav/xsim'
INFO: [SIM-utils-51] Simulation object is 'sim_1'
INFO: [SIM-utils-54] Inspecting design source files for 'DataMem_tb' in fileset 'sim_1'...
INFO: [USF-XSim-97] Finding global include files...
INFO: [USF-XSim-98] Fetching design files from 'sim_1'...
INFO: [USF-XSim-2] XSim::Compile design
INFO: [USF-XSim-61] Executing 'COMPILE and ANALYZE' step in '/home/kam/dev/school/computer_architecture_645/fpga/HW05_MIPS_MEM_Bielawski/DataMem/data_memory/data_memory.sim/sim_1/behav/xsim'
xvhdl --incr --relax -prj DataMem_tb_vhdl.prj
INFO: [VRFC 10-163] Analyzing VHDL file "/home/kam/dev/school/computer_architecture_645/fpga/HW05_MIPS_MEM_Bielawski/DataMem/design_sources/DataMem.vhd" into library xil_defaultlib
INFO: [VRFC 10-3107] analyzing entity 'DataMem'
Waiting for jobs to finish...
No pending jobs, compilation finished.
INFO: [USF-XSim-69] 'compile' step finished in '1' seconds
INFO: [USF-XSim-3] XSim::Elaborate design
INFO: [USF-XSim-61] Executing 'ELABORATE' step in '/home/kam/dev/school/computer_architecture_645/fpga/HW05_MIPS_MEM_Bielawski/DataMem/data_memory/data_memory.sim/sim_1/behav/xsim'
xelab -wto 74c138edbcf943b5ae04d3aee3b282c8 --incr --debug typical --relax --mt 8 -L xil_defaultlib -L secureip --snapshot DataMem_tb_behav xil_defaultlib.DataMem_tb -log elaborate.log
Vivado Simulator 2020.2
Copyright 1986-1999, 2001-2020 Xilinx, Inc. All Rights Reserved.
Running: /tools/Xilinx/Vivado/2020.2/bin/unwrapped/lnx64.o/xelab -wto 74c138edbcf943b5ae04d3aee3b282c8 --incr --debug typical --relax --mt 8 -L xil_defaultlib -L secureip --snapshot DataMem_tb_behav xil_defaultlib.DataMem_tb -log elaborate.log 
Using 8 slave threads.
Starting static elaboration
Completed static elaboration
Starting simulation data flow analysis
Completed simulation data flow analysis
Time Resolution for simulation is 1ps
Compiling package std.standard
Compiling package std.textio
Compiling package ieee.std_logic_1164
Compiling package xil_defaultlib.my_package
Compiling package xil_defaultlib.math_real
Compiling package ieee.numeric_std
Compiling architecture behav of entity xil_defaultlib.DataMem [datamem_default]
Compiling architecture behavior of entity xil_defaultlib.datamem_tb
Built simulation snapshot DataMem_tb_behav
INFO: [USF-XSim-69] 'elaborate' step finished in '1' seconds
INFO: [USF-XSim-4] XSim::Simulate design
INFO: [USF-XSim-61] Executing 'SIMULATE' step in '/home/kam/dev/school/computer_architecture_645/fpga/HW05_MIPS_MEM_Bielawski/DataMem/data_memory/data_memory.sim/sim_1/behav/xsim'
INFO: [USF-XSim-98] *** Running xsim
   with args "DataMem_tb_behav -key {Behavioral:sim_1:Functional:DataMem_tb} -tclbatch {DataMem_tb.tcl} -view {/home/kam/dev/school/computer_architecture_645/fpga/HW05_MIPS_MEM_Bielawski/DataMem/simulation_sources/DataMem_wave.wcfg} -log {simulate.log}"
INFO: [USF-XSim-8] Loading simulator feature
Vivado Simulator 2020.2
Time resolution is 1 ps
open_wave_config /home/kam/dev/school/computer_architecture_645/fpga/HW05_MIPS_MEM_Bielawski/DataMem/simulation_sources/DataMem_wave.wcfg
source DataMem_tb.tcl
# set curr_wave [current_wave_config]
# if { [string length $curr_wave] == 0 } {
#   if { [llength [get_objects]] > 0} {
#     add_wave /
#     set_property needs_save false [current_wave_config]
#   } else {
#      send_msg_id Add_Wave-1 WARNING "No top level signals found. Simulator will start without a wave window. If you want to open a wave window go to 'File->New Waveform Configuration' or type 'create_wave_config' in the TCL console."
#   }
# }
# run 300ns
INFO: [USF-XSim-96] XSim completed. Design snapshot 'DataMem_tb_behav' loaded.
INFO: [USF-XSim-97] XSim simulation ran for 300ns
close_sim
INFO: [Simtcl 6-16] Simulation closed
launch_simulation
Command: launch_simulation 
INFO: [Vivado 12-5682] Launching behavioral simulation in '/home/kam/dev/school/computer_architecture_645/fpga/HW05_MIPS_MEM_Bielawski/DataMem/data_memory/data_memory.sim/sim_1/behav/xsim'
INFO: [SIM-utils-51] Simulation object is 'sim_1'
INFO: [SIM-utils-54] Inspecting design source files for 'DataMem_tb' in fileset 'sim_1'...
INFO: [USF-XSim-97] Finding global include files...
INFO: [USF-XSim-98] Fetching design files from 'sim_1'...
INFO: [USF-XSim-2] XSim::Compile design
INFO: [USF-XSim-61] Executing 'COMPILE and ANALYZE' step in '/home/kam/dev/school/computer_architecture_645/fpga/HW05_MIPS_MEM_Bielawski/DataMem/data_memory/data_memory.sim/sim_1/behav/xsim'
xvhdl --incr --relax -prj DataMem_tb_vhdl.prj
INFO: [VRFC 10-163] Analyzing VHDL file "/home/kam/dev/school/computer_architecture_645/fpga/HW05_MIPS_MEM_Bielawski/DataMem/design_sources/DataMem.vhd" into library xil_defaultlib
INFO: [VRFC 10-3107] analyzing entity 'DataMem'
Waiting for jobs to finish...
No pending jobs, compilation finished.
INFO: [USF-XSim-69] 'compile' step finished in '1' seconds
INFO: [USF-XSim-3] XSim::Elaborate design
INFO: [USF-XSim-61] Executing 'ELABORATE' step in '/home/kam/dev/school/computer_architecture_645/fpga/HW05_MIPS_MEM_Bielawski/DataMem/data_memory/data_memory.sim/sim_1/behav/xsim'
xelab -wto 74c138edbcf943b5ae04d3aee3b282c8 --incr --debug typical --relax --mt 8 -L xil_defaultlib -L secureip --snapshot DataMem_tb_behav xil_defaultlib.DataMem_tb -log elaborate.log
Vivado Simulator 2020.2
Copyright 1986-1999, 2001-2020 Xilinx, Inc. All Rights Reserved.
Running: /tools/Xilinx/Vivado/2020.2/bin/unwrapped/lnx64.o/xelab -wto 74c138edbcf943b5ae04d3aee3b282c8 --incr --debug typical --relax --mt 8 -L xil_defaultlib -L secureip --snapshot DataMem_tb_behav xil_defaultlib.DataMem_tb -log elaborate.log 
Using 8 slave threads.
Starting static elaboration
Completed static elaboration
Starting simulation data flow analysis
Completed simulation data flow analysis
Time Resolution for simulation is 1ps
Compiling package std.standard
Compiling package std.textio
Compiling package ieee.std_logic_1164
Compiling package xil_defaultlib.my_package
Compiling package xil_defaultlib.math_real
Compiling package ieee.numeric_std
Compiling architecture behav of entity xil_defaultlib.DataMem [datamem_default]
Compiling architecture behavior of entity xil_defaultlib.datamem_tb
Built simulation snapshot DataMem_tb_behav
INFO: [USF-XSim-69] 'elaborate' step finished in '2' seconds
INFO: [USF-XSim-4] XSim::Simulate design
INFO: [USF-XSim-61] Executing 'SIMULATE' step in '/home/kam/dev/school/computer_architecture_645/fpga/HW05_MIPS_MEM_Bielawski/DataMem/data_memory/data_memory.sim/sim_1/behav/xsim'
INFO: [USF-XSim-98] *** Running xsim
   with args "DataMem_tb_behav -key {Behavioral:sim_1:Functional:DataMem_tb} -tclbatch {DataMem_tb.tcl} -view {/home/kam/dev/school/computer_architecture_645/fpga/HW05_MIPS_MEM_Bielawski/DataMem/simulation_sources/DataMem_wave.wcfg} -log {simulate.log}"
INFO: [USF-XSim-8] Loading simulator feature
Vivado Simulator 2020.2
Time resolution is 1 ps
open_wave_config /home/kam/dev/school/computer_architecture_645/fpga/HW05_MIPS_MEM_Bielawski/DataMem/simulation_sources/DataMem_wave.wcfg
source DataMem_tb.tcl
# set curr_wave [current_wave_config]
# if { [string length $curr_wave] == 0 } {
#   if { [llength [get_objects]] > 0} {
#     add_wave /
#     set_property needs_save false [current_wave_config]
#   } else {
#      send_msg_id Add_Wave-1 WARNING "No top level signals found. Simulator will start without a wave window. If you want to open a wave window go to 'File->New Waveform Configuration' or type 'create_wave_config' in the TCL console."
#   }
# }
# run 300ns
INFO: [USF-XSim-96] XSim completed. Design snapshot 'DataMem_tb_behav' loaded.
INFO: [USF-XSim-97] XSim simulation ran for 300ns
close_sim
INFO: [Simtcl 6-16] Simulation closed
launch_simulation
Command: launch_simulation 
INFO: [Vivado 12-5682] Launching behavioral simulation in '/home/kam/dev/school/computer_architecture_645/fpga/HW05_MIPS_MEM_Bielawski/DataMem/data_memory/data_memory.sim/sim_1/behav/xsim'
INFO: [SIM-utils-51] Simulation object is 'sim_1'
INFO: [SIM-utils-54] Inspecting design source files for 'DataMem_tb' in fileset 'sim_1'...
INFO: [USF-XSim-97] Finding global include files...
INFO: [USF-XSim-98] Fetching design files from 'sim_1'...
INFO: [USF-XSim-2] XSim::Compile design
INFO: [USF-XSim-61] Executing 'COMPILE and ANALYZE' step in '/home/kam/dev/school/computer_architecture_645/fpga/HW05_MIPS_MEM_Bielawski/DataMem/data_memory/data_memory.sim/sim_1/behav/xsim'
xvhdl --incr --relax -prj DataMem_tb_vhdl.prj
INFO: [VRFC 10-163] Analyzing VHDL file "/home/kam/dev/school/computer_architecture_645/fpga/HW05_MIPS_MEM_Bielawski/DataMem/design_sources/DataMem.vhd" into library xil_defaultlib
INFO: [VRFC 10-3107] analyzing entity 'DataMem'
Waiting for jobs to finish...
No pending jobs, compilation finished.
INFO: [USF-XSim-69] 'compile' step finished in '1' seconds
INFO: [USF-XSim-3] XSim::Elaborate design
INFO: [USF-XSim-61] Executing 'ELABORATE' step in '/home/kam/dev/school/computer_architecture_645/fpga/HW05_MIPS_MEM_Bielawski/DataMem/data_memory/data_memory.sim/sim_1/behav/xsim'
xelab -wto 74c138edbcf943b5ae04d3aee3b282c8 --incr --debug typical --relax --mt 8 -L xil_defaultlib -L secureip --snapshot DataMem_tb_behav xil_defaultlib.DataMem_tb -log elaborate.log
Vivado Simulator 2020.2
Copyright 1986-1999, 2001-2020 Xilinx, Inc. All Rights Reserved.
Running: /tools/Xilinx/Vivado/2020.2/bin/unwrapped/lnx64.o/xelab -wto 74c138edbcf943b5ae04d3aee3b282c8 --incr --debug typical --relax --mt 8 -L xil_defaultlib -L secureip --snapshot DataMem_tb_behav xil_defaultlib.DataMem_tb -log elaborate.log 
Using 8 slave threads.
Starting static elaboration
Completed static elaboration
Starting simulation data flow analysis
Completed simulation data flow analysis
Time Resolution for simulation is 1ps
Compiling package std.standard
Compiling package std.textio
Compiling package ieee.std_logic_1164
Compiling package xil_defaultlib.my_package
Compiling package xil_defaultlib.math_real
Compiling package ieee.numeric_std
Compiling architecture behav of entity xil_defaultlib.DataMem [datamem_default]
Compiling architecture behavior of entity xil_defaultlib.datamem_tb
Built simulation snapshot DataMem_tb_behav
INFO: [USF-XSim-69] 'elaborate' step finished in '1' seconds
INFO: [USF-XSim-4] XSim::Simulate design
INFO: [USF-XSim-61] Executing 'SIMULATE' step in '/home/kam/dev/school/computer_architecture_645/fpga/HW05_MIPS_MEM_Bielawski/DataMem/data_memory/data_memory.sim/sim_1/behav/xsim'
INFO: [USF-XSim-98] *** Running xsim
   with args "DataMem_tb_behav -key {Behavioral:sim_1:Functional:DataMem_tb} -tclbatch {DataMem_tb.tcl} -view {/home/kam/dev/school/computer_architecture_645/fpga/HW05_MIPS_MEM_Bielawski/DataMem/simulation_sources/DataMem_wave.wcfg} -log {simulate.log}"
INFO: [USF-XSim-8] Loading simulator feature
Vivado Simulator 2020.2
Time resolution is 1 ps
open_wave_config /home/kam/dev/school/computer_architecture_645/fpga/HW05_MIPS_MEM_Bielawski/DataMem/simulation_sources/DataMem_wave.wcfg
source DataMem_tb.tcl
# set curr_wave [current_wave_config]
# if { [string length $curr_wave] == 0 } {
#   if { [llength [get_objects]] > 0} {
#     add_wave /
#     set_property needs_save false [current_wave_config]
#   } else {
#      send_msg_id Add_Wave-1 WARNING "No top level signals found. Simulator will start without a wave window. If you want to open a wave window go to 'File->New Waveform Configuration' or type 'create_wave_config' in the TCL console."
#   }
# }
# run 300ns
INFO: [USF-XSim-96] XSim completed. Design snapshot 'DataMem_tb_behav' loaded.
INFO: [USF-XSim-97] XSim simulation ran for 300ns
close_sim
INFO: [Simtcl 6-16] Simulation closed
launch_simulation
Command: launch_simulation 
INFO: [Vivado 12-5682] Launching behavioral simulation in '/home/kam/dev/school/computer_architecture_645/fpga/HW05_MIPS_MEM_Bielawski/DataMem/data_memory/data_memory.sim/sim_1/behav/xsim'
INFO: [SIM-utils-51] Simulation object is 'sim_1'
INFO: [SIM-utils-54] Inspecting design source files for 'DataMem_tb' in fileset 'sim_1'...
INFO: [USF-XSim-97] Finding global include files...
INFO: [USF-XSim-98] Fetching design files from 'sim_1'...
INFO: [USF-XSim-2] XSim::Compile design
INFO: [USF-XSim-61] Executing 'COMPILE and ANALYZE' step in '/home/kam/dev/school/computer_architecture_645/fpga/HW05_MIPS_MEM_Bielawski/DataMem/data_memory/data_memory.sim/sim_1/behav/xsim'
xvhdl --incr --relax -prj DataMem_tb_vhdl.prj
INFO: [VRFC 10-163] Analyzing VHDL file "/home/kam/dev/school/computer_architecture_645/fpga/HW05_MIPS_MEM_Bielawski/DataMem/design_sources/DataMem.vhd" into library xil_defaultlib
INFO: [VRFC 10-3107] analyzing entity 'DataMem'
Waiting for jobs to finish...
No pending jobs, compilation finished.
INFO: [USF-XSim-69] 'compile' step finished in '1' seconds
INFO: [USF-XSim-3] XSim::Elaborate design
INFO: [USF-XSim-61] Executing 'ELABORATE' step in '/home/kam/dev/school/computer_architecture_645/fpga/HW05_MIPS_MEM_Bielawski/DataMem/data_memory/data_memory.sim/sim_1/behav/xsim'
xelab -wto 74c138edbcf943b5ae04d3aee3b282c8 --incr --debug typical --relax --mt 8 -L xil_defaultlib -L secureip --snapshot DataMem_tb_behav xil_defaultlib.DataMem_tb -log elaborate.log
Vivado Simulator 2020.2
Copyright 1986-1999, 2001-2020 Xilinx, Inc. All Rights Reserved.
Running: /tools/Xilinx/Vivado/2020.2/bin/unwrapped/lnx64.o/xelab -wto 74c138edbcf943b5ae04d3aee3b282c8 --incr --debug typical --relax --mt 8 -L xil_defaultlib -L secureip --snapshot DataMem_tb_behav xil_defaultlib.DataMem_tb -log elaborate.log 
Using 8 slave threads.
Starting static elaboration
Completed static elaboration
Starting simulation data flow analysis
Completed simulation data flow analysis
Time Resolution for simulation is 1ps
Compiling package std.standard
Compiling package std.textio
Compiling package ieee.std_logic_1164
Compiling package xil_defaultlib.my_package
Compiling package xil_defaultlib.math_real
Compiling package ieee.numeric_std
Compiling architecture behav of entity xil_defaultlib.DataMem [datamem_default]
Compiling architecture behavior of entity xil_defaultlib.datamem_tb
Built simulation snapshot DataMem_tb_behav
INFO: [USF-XSim-69] 'elaborate' step finished in '1' seconds
INFO: [USF-XSim-4] XSim::Simulate design
INFO: [USF-XSim-61] Executing 'SIMULATE' step in '/home/kam/dev/school/computer_architecture_645/fpga/HW05_MIPS_MEM_Bielawski/DataMem/data_memory/data_memory.sim/sim_1/behav/xsim'
INFO: [USF-XSim-98] *** Running xsim
   with args "DataMem_tb_behav -key {Behavioral:sim_1:Functional:DataMem_tb} -tclbatch {DataMem_tb.tcl} -view {/home/kam/dev/school/computer_architecture_645/fpga/HW05_MIPS_MEM_Bielawski/DataMem/simulation_sources/DataMem_wave.wcfg} -log {simulate.log}"
INFO: [USF-XSim-8] Loading simulator feature
Vivado Simulator 2020.2
Time resolution is 1 ps
open_wave_config /home/kam/dev/school/computer_architecture_645/fpga/HW05_MIPS_MEM_Bielawski/DataMem/simulation_sources/DataMem_wave.wcfg
source DataMem_tb.tcl
# set curr_wave [current_wave_config]
# if { [string length $curr_wave] == 0 } {
#   if { [llength [get_objects]] > 0} {
#     add_wave /
#     set_property needs_save false [current_wave_config]
#   } else {
#      send_msg_id Add_Wave-1 WARNING "No top level signals found. Simulator will start without a wave window. If you want to open a wave window go to 'File->New Waveform Configuration' or type 'create_wave_config' in the TCL console."
#   }
# }
# run 300ns
INFO: [USF-XSim-96] XSim completed. Design snapshot 'DataMem_tb_behav' loaded.
INFO: [USF-XSim-97] XSim simulation ran for 300ns
close_sim
INFO: [Simtcl 6-16] Simulation closed
exit
INFO: [Common 17-206] Exiting Vivado at Thu Mar 11 13:20:06 2021...
